{"D:\\studies\\BSc\\ElectronicOrganizer\\src\\App.js": {"path":"D:\\studies\\BSc\\ElectronicOrganizer\\src\\App.js","statementMap":{"0":{"start":{"line":5,"column":38},"end":{"line":5,"column":48}},"1":{"start":{"line":6,"column":2},"end":{"line":8,"column":9}},"2":{"start":{"line":7,"column":4},"end":{"line":7,"column":55}},"3":{"start":{"line":7,"column":34},"end":{"line":7,"column":53}},"4":{"start":{"line":9,"column":2},"end":{"line":11,"column":11}}},"fnMap":{"0":{"name":"App","decl":{"start":{"line":4,"column":24},"end":{"line":4,"column":27}},"loc":{"start":{"line":4,"column":30},"end":{"line":12,"column":1}},"line":4},"1":{"name":"(anonymous_1)","decl":{"start":{"line":6,"column":12},"end":{"line":6,"column":13}},"loc":{"start":{"line":6,"column":18},"end":{"line":8,"column":3}},"line":6},"2":{"name":"(anonymous_2)","decl":{"start":{"line":7,"column":26},"end":{"line":7,"column":27}},"loc":{"start":{"line":7,"column":34},"end":{"line":7,"column":53}},"line":7}},"branchMap":{"0":{"loc":{"start":{"line":9,"column":9},"end":{"line":11,"column":10}},"type":"cond-expr","locations":[{"start":{"line":10,"column":4},"end":{"line":10,"column":45}},{"start":{"line":11,"column":6},"end":{"line":11,"column":10}}],"line":9}},"s":{"0":1,"1":1,"2":0,"3":0,"4":1},"f":{"0":1,"1":0,"2":0},"b":{"0":[0,1]},"_coverageSchema":"1a1c01bbd47fc00a2c39e90264f33305004495a9","hash":"49049b6573a8812dec7f38fa193bfbe42cb1c269"}
,"D:\\studies\\BSc\\ElectronicOrganizer\\src\\components\\back-button.js": {"path":"D:\\studies\\BSc\\ElectronicOrganizer\\src\\components\\back-button.js","statementMap":{"0":{"start":{"line":6,"column":2},"end":{"line":14,"column":3}},"1":{"start":{"line":17,"column":15},"end":{"line":27,"column":2}}},"fnMap":{"0":{"name":"BackButton","decl":{"start":{"line":5,"column":24},"end":{"line":5,"column":34}},"loc":{"start":{"line":5,"column":54},"end":{"line":15,"column":1}},"line":5}},"branchMap":{},"s":{"0":2,"1":8},"f":{"0":2},"b":{},"_coverageSchema":"1a1c01bbd47fc00a2c39e90264f33305004495a9","hash":"382ccb05c9ebde91d5ebca6a397e75eb6a2db6c7"}
,"D:\\studies\\BSc\\ElectronicOrganizer\\src\\components\\background.js": {"path":"D:\\studies\\BSc\\ElectronicOrganizer\\src\\components\\background.js","statementMap":{"0":{"start":{"line":10,"column":2},"end":{"line":27,"column":4}},"1":{"start":{"line":30,"column":15},"end":{"line":43,"column":2}}},"fnMap":{"0":{"name":"Background","decl":{"start":{"line":9,"column":24},"end":{"line":9,"column":34}},"loc":{"start":{"line":9,"column":61},"end":{"line":28,"column":1}},"line":9}},"branchMap":{"0":{"loc":{"start":{"line":14,"column":7},"end":{"line":25,"column":7}},"type":"cond-expr","locations":[{"start":{"line":15,"column":8},"end":{"line":17,"column":21}},{"start":{"line":19,"column":8},"end":{"line":24,"column":31}}],"line":14}},"s":{"0":11,"1":13},"f":{"0":11},"b":{"0":[9,2]},"_coverageSchema":"1a1c01bbd47fc00a2c39e90264f33305004495a9","hash":"31277b3f8ef876b89979c629500e1e320336af5b"}
,"D:\\studies\\BSc\\ElectronicOrganizer\\src\\components\\button.js": {"path":"D:\\studies\\BSc\\ElectronicOrganizer\\src\\components\\button.js","statementMap":{"0":{"start":{"line":6,"column":2},"end":{"line":12,"column":4}},"1":{"start":{"line":15,"column":15},"end":{"line":27,"column":2}}},"fnMap":{"0":{"name":"Button","decl":{"start":{"line":5,"column":24},"end":{"line":5,"column":30}},"loc":{"start":{"line":5,"column":60},"end":{"line":13,"column":1}},"line":5}},"branchMap":{},"s":{"0":26,"1":13},"f":{"0":26},"b":{},"_coverageSchema":"1a1c01bbd47fc00a2c39e90264f33305004495a9","hash":"4d5571b9f79f4287c8fffafbcb09ee2568992038"}
,"D:\\studies\\BSc\\ElectronicOrganizer\\src\\components\\drawer.js": {"path":"D:\\studies\\BSc\\ElectronicOrganizer\\src\\components\\drawer.js","statementMap":{"0":{"start":{"line":18,"column":32},"end":{"line":18,"column":47}},"1":{"start":{"line":19,"column":30},"end":{"line":19,"column":40}},"2":{"start":{"line":20,"column":23},"end":{"line":20,"column":51}},"3":{"start":{"line":21,"column":2},"end":{"line":25,"column":3}},"4":{"start":{"line":22,"column":4},"end":{"line":24,"column":7}},"5":{"start":{"line":23,"column":6},"end":{"line":23,"column":21}},"6":{"start":{"line":26,"column":24},"end":{"line":43,"column":3}},"7":{"start":{"line":27,"column":4},"end":{"line":27,"column":25}},"8":{"start":{"line":28,"column":4},"end":{"line":42,"column":32}},"9":{"start":{"line":29,"column":6},"end":{"line":29,"column":26}},"10":{"start":{"line":30,"column":6},"end":{"line":30,"column":26}},"11":{"start":{"line":31,"column":6},"end":{"line":31,"column":27}},"12":{"start":{"line":33,"column":6},"end":{"line":37,"column":9}},"13":{"start":{"line":34,"column":8},"end":{"line":36,"column":9}},"14":{"start":{"line":35,"column":10},"end":{"line":35,"column":39}},"15":{"start":{"line":38,"column":6},"end":{"line":41,"column":9}},"16":{"start":{"line":42,"column":11},"end":{"line":42,"column":32}},"17":{"start":{"line":44,"column":2},"end":{"line":51,"column":9}},"18":{"start":{"line":48,"column":4},"end":{"line":50,"column":7}},"19":{"start":{"line":52,"column":2},"end":{"line":163,"column":4}},"20":{"start":{"line":77,"column":16},"end":{"line":79,"column":23}},"21":{"start":{"line":83,"column":16},"end":{"line":83,"column":52}},"22":{"start":{"line":89,"column":16},"end":{"line":91,"column":23}},"23":{"start":{"line":96,"column":16},"end":{"line":96,"column":56}},"24":{"start":{"line":101,"column":16},"end":{"line":103,"column":23}},"25":{"start":{"line":108,"column":16},"end":{"line":108,"column":52}},"26":{"start":{"line":113,"column":16},"end":{"line":115,"column":23}},"27":{"start":{"line":120,"column":16},"end":{"line":120,"column":55}},"28":{"start":{"line":129,"column":12},"end":{"line":129,"column":62}},"29":{"start":{"line":147,"column":29},"end":{"line":147,"column":49}},"30":{"start":{"line":157,"column":29},"end":{"line":157,"column":48}},"31":{"start":{"line":166,"column":15},"end":{"line":225,"column":2}}},"fnMap":{"0":{"name":"DrawerContent","decl":{"start":{"line":17,"column":16},"end":{"line":17,"column":29}},"loc":{"start":{"line":17,"column":46},"end":{"line":164,"column":1}},"line":17},"1":{"name":"(anonymous_1)","decl":{"start":{"line":22,"column":27},"end":{"line":22,"column":28}},"loc":{"start":{"line":22,"column":34},"end":{"line":24,"column":5}},"line":22},"2":{"name":"(anonymous_2)","decl":{"start":{"line":26,"column":24},"end":{"line":26,"column":25}},"loc":{"start":{"line":26,"column":33},"end":{"line":43,"column":3}},"line":26},"3":{"name":"(anonymous_3)","decl":{"start":{"line":33,"column":36},"end":{"line":33,"column":37}},"loc":{"start":{"line":33,"column":49},"end":{"line":37,"column":7}},"line":33},"4":{"name":"(anonymous_4)","decl":{"start":{"line":44,"column":12},"end":{"line":44,"column":13}},"loc":{"start":{"line":44,"column":18},"end":{"line":51,"column":3}},"line":44},"5":{"name":"(anonymous_5)","decl":{"start":{"line":76,"column":20},"end":{"line":76,"column":21}},"loc":{"start":{"line":77,"column":16},"end":{"line":79,"column":23}},"line":77},"6":{"name":"(anonymous_6)","decl":{"start":{"line":82,"column":23},"end":{"line":82,"column":24}},"loc":{"start":{"line":82,"column":29},"end":{"line":84,"column":15}},"line":82},"7":{"name":"(anonymous_7)","decl":{"start":{"line":88,"column":20},"end":{"line":88,"column":21}},"loc":{"start":{"line":89,"column":16},"end":{"line":91,"column":23}},"line":89},"8":{"name":"(anonymous_8)","decl":{"start":{"line":95,"column":23},"end":{"line":95,"column":24}},"loc":{"start":{"line":95,"column":29},"end":{"line":97,"column":15}},"line":95},"9":{"name":"(anonymous_9)","decl":{"start":{"line":100,"column":20},"end":{"line":100,"column":21}},"loc":{"start":{"line":101,"column":16},"end":{"line":103,"column":23}},"line":101},"10":{"name":"(anonymous_10)","decl":{"start":{"line":107,"column":23},"end":{"line":107,"column":24}},"loc":{"start":{"line":107,"column":29},"end":{"line":109,"column":15}},"line":107},"11":{"name":"(anonymous_11)","decl":{"start":{"line":112,"column":20},"end":{"line":112,"column":21}},"loc":{"start":{"line":113,"column":16},"end":{"line":115,"column":23}},"line":113},"12":{"name":"(anonymous_12)","decl":{"start":{"line":119,"column":23},"end":{"line":119,"column":24}},"loc":{"start":{"line":119,"column":29},"end":{"line":121,"column":15}},"line":119},"13":{"name":"(anonymous_13)","decl":{"start":{"line":128,"column":16},"end":{"line":128,"column":17}},"loc":{"start":{"line":129,"column":12},"end":{"line":129,"column":62}},"line":129},"14":{"name":"(anonymous_14)","decl":{"start":{"line":147,"column":23},"end":{"line":147,"column":24}},"loc":{"start":{"line":147,"column":29},"end":{"line":147,"column":49}},"line":147},"15":{"name":"(anonymous_15)","decl":{"start":{"line":157,"column":23},"end":{"line":157,"column":24}},"loc":{"start":{"line":157,"column":29},"end":{"line":157,"column":48}},"line":157}},"branchMap":{"0":{"loc":{"start":{"line":21,"column":2},"end":{"line":25,"column":3}},"type":"if","locations":[{"start":{"line":21,"column":2},"end":{"line":25,"column":3}},{"start":{"line":21,"column":2},"end":{"line":25,"column":3}}],"line":21},"1":{"loc":{"start":{"line":28,"column":4},"end":{"line":42,"column":32}},"type":"if","locations":[{"start":{"line":28,"column":4},"end":{"line":42,"column":32}},{"start":{"line":28,"column":4},"end":{"line":42,"column":32}}],"line":28},"2":{"loc":{"start":{"line":34,"column":8},"end":{"line":36,"column":9}},"type":"if","locations":[{"start":{"line":34,"column":8},"end":{"line":36,"column":9}},{"start":{"line":34,"column":8},"end":{"line":36,"column":9}}],"line":34},"3":{"loc":{"start":{"line":58,"column":15},"end":{"line":60,"column":22}},"type":"cond-expr","locations":[{"start":{"line":59,"column":16},"end":{"line":59,"column":67}},{"start":{"line":60,"column":18},"end":{"line":60,"column":22}}],"line":58},"4":{"loc":{"start":{"line":67,"column":17},"end":{"line":69,"column":24}},"type":"cond-expr","locations":[{"start":{"line":68,"column":18},"end":{"line":68,"column":65}},{"start":{"line":69,"column":20},"end":{"line":69,"column":24}}],"line":67}},"s":{"0":0,"1":0,"2":0,"3":0,"4":0,"5":0,"6":0,"7":0,"8":0,"9":0,"10":0,"11":0,"12":0,"13":0,"14":0,"15":0,"16":0,"17":0,"18":0,"19":0,"20":0,"21":0,"22":0,"23":0,"24":0,"25":0,"26":0,"27":0,"28":0,"29":0,"30":0,"31":2},"f":{"0":0,"1":0,"2":0,"3":0,"4":0,"5":0,"6":0,"7":0,"8":0,"9":0,"10":0,"11":0,"12":0,"13":0,"14":0,"15":0},"b":{"0":[0,0],"1":[0,0],"2":[0,0],"3":[0,0],"4":[0,0]},"_coverageSchema":"1a1c01bbd47fc00a2c39e90264f33305004495a9","hash":"a5a15afaa8f71edd3125835cff49393ad0f06521"}
,"D:\\studies\\BSc\\ElectronicOrganizer\\src\\components\\empty-date.js": {"path":"D:\\studies\\BSc\\ElectronicOrganizer\\src\\components\\empty-date.js","statementMap":{"0":{"start":{"line":6,"column":2},"end":{"line":21,"column":4}}},"fnMap":{"0":{"name":"EmptyDate","decl":{"start":{"line":5,"column":24},"end":{"line":5,"column":33}},"loc":{"start":{"line":5,"column":36},"end":{"line":22,"column":1}},"line":5}},"branchMap":{},"s":{"0":11},"f":{"0":11},"b":{},"_coverageSchema":"1a1c01bbd47fc00a2c39e90264f33305004495a9","hash":"7090ddb2092f51b4ed84682c3120969ca9e1778b"}
,"D:\\studies\\BSc\\ElectronicOrganizer\\src\\components\\event-form.js": {"path":"D:\\studies\\BSc\\ElectronicOrganizer\\src\\components\\event-form.js","statementMap":{"0":{"start":{"line":38,"column":36},"end":{"line":41,"column":4}},"1":{"start":{"line":42,"column":50},"end":{"line":42,"column":65}},"2":{"start":{"line":43,"column":42},"end":{"line":43,"column":57}},"3":{"start":{"line":44,"column":32},"end":{"line":44,"column":64}},"4":{"start":{"line":45,"column":28},"end":{"line":45,"column":60}},"5":{"start":{"line":46,"column":42},"end":{"line":46,"column":57}},"6":{"start":{"line":47,"column":21},"end":{"line":47,"column":46}},"7":{"start":{"line":48,"column":19},"end":{"line":48,"column":42}},"8":{"start":{"line":49,"column":30},"end":{"line":49,"column":54}},"9":{"start":{"line":50,"column":28},"end":{"line":50,"column":50}},"10":{"start":{"line":51,"column":26},"end":{"line":54,"column":3}},"11":{"start":{"line":52,"column":4},"end":{"line":53,"column":32}},"12":{"start":{"line":52,"column":27},"end":{"line":52,"column":49}},"13":{"start":{"line":53,"column":9},"end":{"line":53,"column":32}},"14":{"start":{"line":56,"column":19},"end":{"line":58,"column":3}},"15":{"start":{"line":57,"column":4},"end":{"line":57,"column":24}},"16":{"start":{"line":59,"column":21},"end":{"line":87,"column":3}},"17":{"start":{"line":60,"column":4},"end":{"line":86,"column":7}},"18":{"start":{"line":61,"column":6},"end":{"line":85,"column":9}},"19":{"start":{"line":62,"column":8},"end":{"line":84,"column":13}},"20":{"start":{"line":78,"column":12},"end":{"line":80,"column":13}},"21":{"start":{"line":79,"column":14},"end":{"line":79,"column":65}},"22":{"start":{"line":83,"column":12},"end":{"line":83,"column":31}},"23":{"start":{"line":89,"column":2},"end":{"line":141,"column":25}},"24":{"start":{"line":90,"column":4},"end":{"line":140,"column":5}},"25":{"start":{"line":91,"column":6},"end":{"line":129,"column":7}},"26":{"start":{"line":92,"column":8},"end":{"line":98,"column":11}},"27":{"start":{"line":99,"column":8},"end":{"line":102,"column":11}},"28":{"start":{"line":103,"column":8},"end":{"line":109,"column":11}},"29":{"start":{"line":111,"column":8},"end":{"line":117,"column":11}},"30":{"start":{"line":118,"column":8},"end":{"line":121,"column":11}},"31":{"start":{"line":122,"column":8},"end":{"line":128,"column":11}},"32":{"start":{"line":131,"column":6},"end":{"line":134,"column":9}},"33":{"start":{"line":135,"column":6},"end":{"line":135,"column":39}},"34":{"start":{"line":136,"column":6},"end":{"line":139,"column":9}},"35":{"start":{"line":144,"column":4},"end":{"line":144,"column":19}},"36":{"start":{"line":146,"column":4},"end":{"line":146,"column":19}},"37":{"start":{"line":149,"column":4},"end":{"line":149,"column":19}},"38":{"start":{"line":150,"column":32},"end":{"line":152,"column":3}},"39":{"start":{"line":151,"column":4},"end":{"line":151,"column":68}},"40":{"start":{"line":153,"column":30},"end":{"line":155,"column":3}},"41":{"start":{"line":154,"column":4},"end":{"line":154,"column":64}},"42":{"start":{"line":156,"column":26},"end":{"line":167,"column":3}},"43":{"start":{"line":157,"column":4},"end":{"line":157,"column":28}},"44":{"start":{"line":158,"column":4},"end":{"line":164,"column":6}},"45":{"start":{"line":165,"column":4},"end":{"line":165,"column":23}},"46":{"start":{"line":166,"column":4},"end":{"line":166,"column":17}},"47":{"start":{"line":169,"column":24},"end":{"line":178,"column":3}},"48":{"start":{"line":170,"column":4},"end":{"line":170,"column":26}},"49":{"start":{"line":171,"column":4},"end":{"line":177,"column":7}},"50":{"start":{"line":180,"column":22},"end":{"line":290,"column":3}},"51":{"start":{"line":181,"column":27},"end":{"line":181,"column":77}},"52":{"start":{"line":182,"column":25},"end":{"line":182,"column":73}},"53":{"start":{"line":183,"column":23},"end":{"line":183,"column":63}},"54":{"start":{"line":185,"column":4},"end":{"line":190,"column":5}},"55":{"start":{"line":186,"column":6},"end":{"line":186,"column":58}},"56":{"start":{"line":187,"column":6},"end":{"line":187,"column":52}},"57":{"start":{"line":188,"column":6},"end":{"line":188,"column":46}},"58":{"start":{"line":189,"column":6},"end":{"line":189,"column":13}},"59":{"start":{"line":191,"column":4},"end":{"line":289,"column":7}},"60":{"start":{"line":192,"column":6},"end":{"line":288,"column":9}},"61":{"start":{"line":193,"column":8},"end":{"line":214,"column":9}},"62":{"start":{"line":194,"column":10},"end":{"line":213,"column":15}},"63":{"start":{"line":207,"column":14},"end":{"line":209,"column":15}},"64":{"start":{"line":208,"column":16},"end":{"line":208,"column":35}},"65":{"start":{"line":212,"column":14},"end":{"line":212,"column":36}},"66":{"start":{"line":215,"column":8},"end":{"line":239,"column":9}},"67":{"start":{"line":216,"column":10},"end":{"line":238,"column":15}},"68":{"start":{"line":232,"column":14},"end":{"line":234,"column":15}},"69":{"start":{"line":233,"column":16},"end":{"line":233,"column":35}},"70":{"start":{"line":237,"column":14},"end":{"line":237,"column":36}},"71":{"start":{"line":240,"column":8},"end":{"line":254,"column":9}},"72":{"start":{"line":241,"column":10},"end":{"line":253,"column":15}},"73":{"start":{"line":246,"column":14},"end":{"line":248,"column":15}},"74":{"start":{"line":247,"column":16},"end":{"line":247,"column":35}},"75":{"start":{"line":251,"column":14},"end":{"line":251,"column":33}},"76":{"start":{"line":252,"column":14},"end":{"line":252,"column":36}},"77":{"start":{"line":255,"column":8},"end":{"line":271,"column":9}},"78":{"start":{"line":256,"column":10},"end":{"line":268,"column":13}},"79":{"start":{"line":261,"column":18},"end":{"line":261,"column":30}},"80":{"start":{"line":269,"column":10},"end":{"line":269,"column":50}},"81":{"start":{"line":270,"column":10},"end":{"line":270,"column":29}},"82":{"start":{"line":272,"column":8},"end":{"line":280,"column":9}},"83":{"start":{"line":273,"column":10},"end":{"line":273,"column":78}},"84":{"start":{"line":274,"column":10},"end":{"line":275,"column":48}},"85":{"start":{"line":276,"column":10},"end":{"line":277,"column":46}},"86":{"start":{"line":278,"column":10},"end":{"line":278,"column":50}},"87":{"start":{"line":279,"column":10},"end":{"line":279,"column":29}},"88":{"start":{"line":281,"column":8},"end":{"line":287,"column":9}},"89":{"start":{"line":282,"column":10},"end":{"line":284,"column":12}},"90":{"start":{"line":283,"column":21},"end":{"line":283,"column":41}},"91":{"start":{"line":285,"column":10},"end":{"line":285,"column":50}},"92":{"start":{"line":286,"column":10},"end":{"line":286,"column":29}},"93":{"start":{"line":292,"column":27},"end":{"line":299,"column":3}},"94":{"start":{"line":293,"column":4},"end":{"line":293,"column":22}},"95":{"start":{"line":294,"column":4},"end":{"line":294,"column":41}},"96":{"start":{"line":295,"column":4},"end":{"line":298,"column":13}},"97":{"start":{"line":296,"column":6},"end":{"line":296,"column":20}},"98":{"start":{"line":297,"column":6},"end":{"line":297,"column":57}},"99":{"start":{"line":300,"column":25},"end":{"line":309,"column":3}},"100":{"start":{"line":301,"column":4},"end":{"line":307,"column":5}},"101":{"start":{"line":302,"column":6},"end":{"line":302,"column":56}},"102":{"start":{"line":304,"column":6},"end":{"line":306,"column":7}},"103":{"start":{"line":305,"column":8},"end":{"line":305,"column":69}},"104":{"start":{"line":308,"column":4},"end":{"line":308,"column":11}},"105":{"start":{"line":311,"column":22},"end":{"line":314,"column":3}},"106":{"start":{"line":312,"column":4},"end":{"line":312,"column":42}},"107":{"start":{"line":313,"column":4},"end":{"line":313,"column":26}},"108":{"start":{"line":315,"column":17},"end":{"line":328,"column":3}},"109":{"start":{"line":316,"column":19},"end":{"line":316,"column":21}},"110":{"start":{"line":317,"column":4},"end":{"line":321,"column":5}},"111":{"start":{"line":318,"column":6},"end":{"line":318,"column":22}},"112":{"start":{"line":320,"column":6},"end":{"line":320,"column":27}},"113":{"start":{"line":322,"column":4},"end":{"line":327,"column":27}},"114":{"start":{"line":327,"column":6},"end":{"line":327,"column":27}},"115":{"start":{"line":329,"column":2},"end":{"line":501,"column":4}},"116":{"start":{"line":386,"column":16},"end":{"line":386,"column":34}},"117":{"start":{"line":393,"column":36},"end":{"line":393,"column":74}},"118":{"start":{"line":436,"column":36},"end":{"line":436,"column":72}},"119":{"start":{"line":492,"column":16},"end":{"line":492,"column":34}},"120":{"start":{"line":493,"column":16},"end":{"line":493,"column":30}},"121":{"start":{"line":504,"column":15},"end":{"line":530,"column":2}}},"fnMap":{"0":{"name":"EventForm","decl":{"start":{"line":27,"column":24},"end":{"line":27,"column":33}},"loc":{"start":{"line":37,"column":3},"end":{"line":502,"column":1}},"line":37},"1":{"name":"(anonymous_1)","decl":{"start":{"line":51,"column":26},"end":{"line":51,"column":27}},"loc":{"start":{"line":51,"column":35},"end":{"line":54,"column":3}},"line":51},"2":{"name":"(anonymous_2)","decl":{"start":{"line":56,"column":19},"end":{"line":56,"column":20}},"loc":{"start":{"line":56,"column":32},"end":{"line":58,"column":3}},"line":56},"3":{"name":"(anonymous_3)","decl":{"start":{"line":59,"column":21},"end":{"line":59,"column":22}},"loc":{"start":{"line":59,"column":29},"end":{"line":87,"column":3}},"line":59},"4":{"name":"(anonymous_4)","decl":{"start":{"line":60,"column":26},"end":{"line":60,"column":27}},"loc":{"start":{"line":60,"column":35},"end":{"line":86,"column":5}},"line":60},"5":{"name":"(anonymous_5)","decl":{"start":{"line":61,"column":28},"end":{"line":61,"column":29}},"loc":{"start":{"line":61,"column":36},"end":{"line":85,"column":7}},"line":61},"6":{"name":"(anonymous_6)","decl":{"start":{"line":77,"column":16},"end":{"line":77,"column":17}},"loc":{"start":{"line":77,"column":28},"end":{"line":81,"column":11}},"line":77},"7":{"name":"(anonymous_7)","decl":{"start":{"line":82,"column":17},"end":{"line":82,"column":18}},"loc":{"start":{"line":82,"column":26},"end":{"line":84,"column":11}},"line":82},"8":{"name":"(anonymous_8)","decl":{"start":{"line":89,"column":12},"end":{"line":89,"column":13}},"loc":{"start":{"line":89,"column":18},"end":{"line":141,"column":3}},"line":89},"9":{"name":"(anonymous_9)","decl":{"start":{"line":150,"column":32},"end":{"line":150,"column":33}},"loc":{"start":{"line":150,"column":38},"end":{"line":152,"column":3}},"line":150},"10":{"name":"(anonymous_10)","decl":{"start":{"line":153,"column":30},"end":{"line":153,"column":31}},"loc":{"start":{"line":153,"column":36},"end":{"line":155,"column":3}},"line":153},"11":{"name":"(anonymous_11)","decl":{"start":{"line":156,"column":26},"end":{"line":156,"column":27}},"loc":{"start":{"line":156,"column":34},"end":{"line":167,"column":3}},"line":156},"12":{"name":"(anonymous_12)","decl":{"start":{"line":169,"column":24},"end":{"line":169,"column":25}},"loc":{"start":{"line":169,"column":32},"end":{"line":178,"column":3}},"line":169},"13":{"name":"(anonymous_13)","decl":{"start":{"line":180,"column":22},"end":{"line":180,"column":23}},"loc":{"start":{"line":180,"column":28},"end":{"line":290,"column":3}},"line":180},"14":{"name":"(anonymous_14)","decl":{"start":{"line":191,"column":26},"end":{"line":191,"column":27}},"loc":{"start":{"line":191,"column":35},"end":{"line":289,"column":5}},"line":191},"15":{"name":"(anonymous_15)","decl":{"start":{"line":192,"column":28},"end":{"line":192,"column":29}},"loc":{"start":{"line":192,"column":36},"end":{"line":288,"column":7}},"line":192},"16":{"name":"(anonymous_16)","decl":{"start":{"line":206,"column":18},"end":{"line":206,"column":19}},"loc":{"start":{"line":206,"column":30},"end":{"line":210,"column":13}},"line":206},"17":{"name":"(anonymous_17)","decl":{"start":{"line":211,"column":19},"end":{"line":211,"column":20}},"loc":{"start":{"line":211,"column":28},"end":{"line":213,"column":13}},"line":211},"18":{"name":"(anonymous_18)","decl":{"start":{"line":231,"column":18},"end":{"line":231,"column":19}},"loc":{"start":{"line":231,"column":30},"end":{"line":235,"column":13}},"line":231},"19":{"name":"(anonymous_19)","decl":{"start":{"line":236,"column":19},"end":{"line":236,"column":20}},"loc":{"start":{"line":236,"column":28},"end":{"line":238,"column":13}},"line":236},"20":{"name":"(anonymous_20)","decl":{"start":{"line":245,"column":18},"end":{"line":245,"column":19}},"loc":{"start":{"line":245,"column":30},"end":{"line":249,"column":13}},"line":245},"21":{"name":"(anonymous_21)","decl":{"start":{"line":250,"column":19},"end":{"line":250,"column":20}},"loc":{"start":{"line":250,"column":28},"end":{"line":253,"column":13}},"line":250},"22":{"name":"(anonymous_22)","decl":{"start":{"line":260,"column":37},"end":{"line":260,"column":38}},"loc":{"start":{"line":260,"column":50},"end":{"line":262,"column":17}},"line":260},"23":{"name":"(anonymous_23)","decl":{"start":{"line":283,"column":12},"end":{"line":283,"column":13}},"loc":{"start":{"line":283,"column":21},"end":{"line":283,"column":41}},"line":283},"24":{"name":"(anonymous_24)","decl":{"start":{"line":292,"column":27},"end":{"line":292,"column":28}},"loc":{"start":{"line":292,"column":33},"end":{"line":299,"column":3}},"line":292},"25":{"name":"(anonymous_25)","decl":{"start":{"line":295,"column":15},"end":{"line":295,"column":16}},"loc":{"start":{"line":295,"column":21},"end":{"line":298,"column":5}},"line":295},"26":{"name":"(anonymous_26)","decl":{"start":{"line":300,"column":25},"end":{"line":300,"column":26}},"loc":{"start":{"line":300,"column":34},"end":{"line":309,"column":3}},"line":300},"27":{"name":"(anonymous_27)","decl":{"start":{"line":311,"column":22},"end":{"line":311,"column":23}},"loc":{"start":{"line":311,"column":28},"end":{"line":314,"column":3}},"line":311},"28":{"name":"(anonymous_28)","decl":{"start":{"line":315,"column":17},"end":{"line":315,"column":18}},"loc":{"start":{"line":315,"column":25},"end":{"line":328,"column":3}},"line":315},"29":{"name":"(anonymous_29)","decl":{"start":{"line":385,"column":22},"end":{"line":385,"column":23}},"loc":{"start":{"line":385,"column":28},"end":{"line":387,"column":15}},"line":385},"30":{"name":"(anonymous_30)","decl":{"start":{"line":393,"column":28},"end":{"line":393,"column":29}},"loc":{"start":{"line":393,"column":36},"end":{"line":393,"column":74}},"line":393},"31":{"name":"(anonymous_31)","decl":{"start":{"line":436,"column":28},"end":{"line":436,"column":29}},"loc":{"start":{"line":436,"column":36},"end":{"line":436,"column":72}},"line":436},"32":{"name":"(anonymous_32)","decl":{"start":{"line":491,"column":23},"end":{"line":491,"column":24}},"loc":{"start":{"line":491,"column":29},"end":{"line":494,"column":15}},"line":491}},"branchMap":{"0":{"loc":{"start":{"line":52,"column":4},"end":{"line":53,"column":32}},"type":"if","locations":[{"start":{"line":52,"column":4},"end":{"line":53,"column":32}},{"start":{"line":52,"column":4},"end":{"line":53,"column":32}}],"line":52},"1":{"loc":{"start":{"line":69,"column":16},"end":{"line":73,"column":63}},"type":"cond-expr","locations":[{"start":{"line":70,"column":20},"end":{"line":70,"column":63}},{"start":{"line":71,"column":20},"end":{"line":73,"column":63}}],"line":69},"2":{"loc":{"start":{"line":69,"column":16},"end":{"line":69,"column":66}},"type":"binary-expr","locations":[{"start":{"line":69,"column":16},"end":{"line":69,"column":34}},{"start":{"line":69,"column":38},"end":{"line":69,"column":66}}],"line":69},"3":{"loc":{"start":{"line":71,"column":20},"end":{"line":73,"column":63}},"type":"cond-expr","locations":[{"start":{"line":72,"column":20},"end":{"line":72,"column":60}},{"start":{"line":73,"column":20},"end":{"line":73,"column":63}}],"line":71},"4":{"loc":{"start":{"line":78,"column":12},"end":{"line":80,"column":13}},"type":"if","locations":[{"start":{"line":78,"column":12},"end":{"line":80,"column":13}},{"start":{"line":78,"column":12},"end":{"line":80,"column":13}}],"line":78},"5":{"loc":{"start":{"line":90,"column":4},"end":{"line":140,"column":5}},"type":"if","locations":[{"start":{"line":90,"column":4},"end":{"line":140,"column":5}},{"start":{"line":90,"column":4},"end":{"line":140,"column":5}}],"line":90},"6":{"loc":{"start":{"line":90,"column":8},"end":{"line":90,"column":58}},"type":"binary-expr","locations":[{"start":{"line":90,"column":8},"end":{"line":90,"column":26}},{"start":{"line":90,"column":30},"end":{"line":90,"column":58}}],"line":90},"7":{"loc":{"start":{"line":91,"column":6},"end":{"line":129,"column":7}},"type":"if","locations":[{"start":{"line":91,"column":6},"end":{"line":129,"column":7}},{"start":{"line":91,"column":6},"end":{"line":129,"column":7}}],"line":91},"8":{"loc":{"start":{"line":91,"column":10},"end":{"line":91,"column":74}},"type":"binary-expr","locations":[{"start":{"line":91,"column":10},"end":{"line":91,"column":39}},{"start":{"line":91,"column":43},"end":{"line":91,"column":74}}],"line":91},"9":{"loc":{"start":{"line":119,"column":17},"end":{"line":119,"column":65}},"type":"cond-expr","locations":[{"start":{"line":119,"column":43},"end":{"line":119,"column":52}},{"start":{"line":119,"column":55},"end":{"line":119,"column":65}}],"line":119},"10":{"loc":{"start":{"line":185,"column":4},"end":{"line":190,"column":5}},"type":"if","locations":[{"start":{"line":185,"column":4},"end":{"line":190,"column":5}},{"start":{"line":185,"column":4},"end":{"line":190,"column":5}}],"line":185},"11":{"loc":{"start":{"line":185,"column":8},"end":{"line":185,"column":52}},"type":"binary-expr","locations":[{"start":{"line":185,"column":8},"end":{"line":185,"column":22}},{"start":{"line":185,"column":26},"end":{"line":185,"column":38}},{"start":{"line":185,"column":42},"end":{"line":185,"column":52}}],"line":185},"12":{"loc":{"start":{"line":193,"column":8},"end":{"line":214,"column":9}},"type":"if","locations":[{"start":{"line":193,"column":8},"end":{"line":214,"column":9}},{"start":{"line":193,"column":8},"end":{"line":214,"column":9}}],"line":193},"13":{"loc":{"start":{"line":207,"column":14},"end":{"line":209,"column":15}},"type":"if","locations":[{"start":{"line":207,"column":14},"end":{"line":209,"column":15}},{"start":{"line":207,"column":14},"end":{"line":209,"column":15}}],"line":207},"14":{"loc":{"start":{"line":215,"column":8},"end":{"line":239,"column":9}},"type":"if","locations":[{"start":{"line":215,"column":8},"end":{"line":239,"column":9}},{"start":{"line":215,"column":8},"end":{"line":239,"column":9}}],"line":215},"15":{"loc":{"start":{"line":232,"column":14},"end":{"line":234,"column":15}},"type":"if","locations":[{"start":{"line":232,"column":14},"end":{"line":234,"column":15}},{"start":{"line":232,"column":14},"end":{"line":234,"column":15}}],"line":232},"16":{"loc":{"start":{"line":240,"column":8},"end":{"line":254,"column":9}},"type":"if","locations":[{"start":{"line":240,"column":8},"end":{"line":254,"column":9}},{"start":{"line":240,"column":8},"end":{"line":254,"column":9}}],"line":240},"17":{"loc":{"start":{"line":246,"column":14},"end":{"line":248,"column":15}},"type":"if","locations":[{"start":{"line":246,"column":14},"end":{"line":248,"column":15}},{"start":{"line":246,"column":14},"end":{"line":248,"column":15}}],"line":246},"18":{"loc":{"start":{"line":255,"column":8},"end":{"line":271,"column":9}},"type":"if","locations":[{"start":{"line":255,"column":8},"end":{"line":271,"column":9}},{"start":{"line":255,"column":8},"end":{"line":271,"column":9}}],"line":255},"19":{"loc":{"start":{"line":272,"column":8},"end":{"line":280,"column":9}},"type":"if","locations":[{"start":{"line":272,"column":8},"end":{"line":280,"column":9}},{"start":{"line":272,"column":8},"end":{"line":280,"column":9}}],"line":272},"20":{"loc":{"start":{"line":281,"column":8},"end":{"line":287,"column":9}},"type":"if","locations":[{"start":{"line":281,"column":8},"end":{"line":287,"column":9}},{"start":{"line":281,"column":8},"end":{"line":287,"column":9}}],"line":281},"21":{"loc":{"start":{"line":297,"column":6},"end":{"line":297,"column":56}},"type":"cond-expr","locations":[{"start":{"line":297,"column":35},"end":{"line":297,"column":49}},{"start":{"line":297,"column":52},"end":{"line":297,"column":56}}],"line":297},"22":{"loc":{"start":{"line":301,"column":4},"end":{"line":307,"column":5}},"type":"if","locations":[{"start":{"line":301,"column":4},"end":{"line":307,"column":5}},{"start":{"line":301,"column":4},"end":{"line":307,"column":5}}],"line":301},"23":{"loc":{"start":{"line":304,"column":6},"end":{"line":306,"column":7}},"type":"if","locations":[{"start":{"line":304,"column":6},"end":{"line":306,"column":7}},{"start":{"line":304,"column":6},"end":{"line":306,"column":7}}],"line":304},"24":{"loc":{"start":{"line":317,"column":4},"end":{"line":321,"column":5}},"type":"if","locations":[{"start":{"line":317,"column":4},"end":{"line":321,"column":5}},{"start":{"line":317,"column":4},"end":{"line":321,"column":5}}],"line":317},"25":{"loc":{"start":{"line":322,"column":4},"end":{"line":327,"column":27}},"type":"if","locations":[{"start":{"line":322,"column":4},"end":{"line":327,"column":27}},{"start":{"line":322,"column":4},"end":{"line":327,"column":27}}],"line":322},"26":{"loc":{"start":{"line":323,"column":6},"end":{"line":325,"column":32}},"type":"binary-expr","locations":[{"start":{"line":323,"column":6},"end":{"line":323,"column":24}},{"start":{"line":324,"column":6},"end":{"line":324,"column":27}},{"start":{"line":325,"column":6},"end":{"line":325,"column":32}}],"line":323},"27":{"loc":{"start":{"line":339,"column":16},"end":{"line":343,"column":28}},"type":"cond-expr","locations":[{"start":{"line":340,"column":20},"end":{"line":340,"column":27}},{"start":{"line":341,"column":20},"end":{"line":343,"column":28}}],"line":339},"28":{"loc":{"start":{"line":339,"column":16},"end":{"line":339,"column":66}},"type":"binary-expr","locations":[{"start":{"line":339,"column":16},"end":{"line":339,"column":34}},{"start":{"line":339,"column":38},"end":{"line":339,"column":66}}],"line":339},"29":{"loc":{"start":{"line":341,"column":20},"end":{"line":343,"column":28}},"type":"cond-expr","locations":[{"start":{"line":342,"column":20},"end":{"line":342,"column":26}},{"start":{"line":343,"column":20},"end":{"line":343,"column":28}}],"line":341},"30":{"loc":{"start":{"line":341,"column":20},"end":{"line":341,"column":72}},"type":"binary-expr","locations":[{"start":{"line":341,"column":20},"end":{"line":341,"column":39}},{"start":{"line":341,"column":43},"end":{"line":341,"column":72}}],"line":341},"31":{"loc":{"start":{"line":354,"column":16},"end":{"line":358,"column":47}},"type":"cond-expr","locations":[{"start":{"line":355,"column":20},"end":{"line":355,"column":35}},{"start":{"line":356,"column":20},"end":{"line":358,"column":47}}],"line":354},"32":{"loc":{"start":{"line":354,"column":16},"end":{"line":354,"column":66}},"type":"binary-expr","locations":[{"start":{"line":354,"column":16},"end":{"line":354,"column":34}},{"start":{"line":354,"column":38},"end":{"line":354,"column":66}}],"line":354},"33":{"loc":{"start":{"line":356,"column":20},"end":{"line":358,"column":47}},"type":"cond-expr","locations":[{"start":{"line":357,"column":20},"end":{"line":357,"column":46}},{"start":{"line":358,"column":20},"end":{"line":358,"column":47}}],"line":356},"34":{"loc":{"start":{"line":356,"column":20},"end":{"line":356,"column":72}},"type":"binary-expr","locations":[{"start":{"line":356,"column":20},"end":{"line":356,"column":39}},{"start":{"line":356,"column":43},"end":{"line":356,"column":72}}],"line":356},"35":{"loc":{"start":{"line":361,"column":16},"end":{"line":369,"column":24}},"type":"cond-expr","locations":[{"start":{"line":362,"column":20},"end":{"line":362,"column":31}},{"start":{"line":363,"column":20},"end":{"line":369,"column":24}}],"line":361},"36":{"loc":{"start":{"line":361,"column":16},"end":{"line":361,"column":66}},"type":"binary-expr","locations":[{"start":{"line":361,"column":16},"end":{"line":361,"column":34}},{"start":{"line":361,"column":38},"end":{"line":361,"column":66}}],"line":361},"37":{"loc":{"start":{"line":363,"column":20},"end":{"line":369,"column":24}},"type":"cond-expr","locations":[{"start":{"line":364,"column":20},"end":{"line":364,"column":28}},{"start":{"line":365,"column":20},"end":{"line":369,"column":24}}],"line":363},"38":{"loc":{"start":{"line":365,"column":20},"end":{"line":369,"column":24}},"type":"cond-expr","locations":[{"start":{"line":366,"column":20},"end":{"line":368,"column":36}},{"start":{"line":369,"column":20},"end":{"line":369,"column":24}}],"line":365},"39":{"loc":{"start":{"line":378,"column":21},"end":{"line":378,"column":57}},"type":"cond-expr","locations":[{"start":{"line":378,"column":45},"end":{"line":378,"column":49}},{"start":{"line":378,"column":52},"end":{"line":378,"column":57}}],"line":378},"40":{"loc":{"start":{"line":405,"column":16},"end":{"line":413,"column":21}},"type":"cond-expr","locations":[{"start":{"line":406,"column":20},"end":{"line":406,"column":24}},{"start":{"line":407,"column":20},"end":{"line":413,"column":21}}],"line":405},"41":{"loc":{"start":{"line":415,"column":24},"end":{"line":415,"column":60}},"type":"cond-expr","locations":[{"start":{"line":415,"column":48},"end":{"line":415,"column":52}},{"start":{"line":415,"column":55},"end":{"line":415,"column":60}}],"line":415},"42":{"loc":{"start":{"line":447,"column":24},"end":{"line":447,"column":60}},"type":"cond-expr","locations":[{"start":{"line":447,"column":48},"end":{"line":447,"column":52}},{"start":{"line":447,"column":55},"end":{"line":447,"column":60}}],"line":447},"43":{"loc":{"start":{"line":450,"column":16},"end":{"line":458,"column":21}},"type":"cond-expr","locations":[{"start":{"line":451,"column":20},"end":{"line":451,"column":24}},{"start":{"line":452,"column":20},"end":{"line":458,"column":21}}],"line":450},"44":{"loc":{"start":{"line":461,"column":13},"end":{"line":470,"column":13}},"type":"cond-expr","locations":[{"start":{"line":461,"column":37},"end":{"line":461,"column":41}},{"start":{"line":462,"column":14},"end":{"line":469,"column":16}}],"line":461},"45":{"loc":{"start":{"line":499,"column":7},"end":{"line":499,"column":64}},"type":"cond-expr","locations":[{"start":{"line":499,"column":36},"end":{"line":499,"column":57}},{"start":{"line":499,"column":60},"end":{"line":499,"column":64}}],"line":499}},"s":{"0":5,"1":5,"2":5,"3":5,"4":5,"5":5,"6":5,"7":5,"8":5,"9":5,"10":5,"11":1,"12":0,"13":1,"14":5,"15":0,"16":5,"17":0,"18":0,"19":0,"20":0,"21":0,"22":0,"23":5,"24":1,"25":0,"26":0,"27":0,"28":0,"29":0,"30":0,"31":0,"32":1,"33":1,"34":1,"35":5,"36":5,"37":5,"38":5,"39":0,"40":5,"41":0,"42":5,"43":0,"44":0,"45":0,"46":0,"47":5,"48":0,"49":0,"50":5,"51":0,"52":0,"53":0,"54":0,"55":0,"56":0,"57":0,"58":0,"59":0,"60":0,"61":0,"62":0,"63":0,"64":0,"65":0,"66":0,"67":0,"68":0,"69":0,"70":0,"71":0,"72":0,"73":0,"74":0,"75":0,"76":0,"77":0,"78":0,"79":0,"80":0,"81":0,"82":0,"83":0,"84":0,"85":0,"86":0,"87":0,"88":0,"89":0,"90":0,"91":0,"92":0,"93":5,"94":0,"95":0,"96":0,"97":0,"98":0,"99":5,"100":0,"101":0,"102":0,"103":0,"104":0,"105":5,"106":0,"107":0,"108":5,"109":0,"110":0,"111":0,"112":0,"113":0,"114":0,"115":5,"116":0,"117":0,"118":0,"119":0,"120":0,"121":5},"f":{"0":5,"1":1,"2":0,"3":0,"4":0,"5":0,"6":0,"7":0,"8":1,"9":0,"10":0,"11":0,"12":0,"13":0,"14":0,"15":0,"16":0,"17":0,"18":0,"19":0,"20":0,"21":0,"22":0,"23":0,"24":0,"25":0,"26":0,"27":0,"28":0,"29":0,"30":0,"31":0,"32":0},"b":{"0":[0,1],"1":[0,0],"2":[0,0],"3":[0,0],"4":[0,0],"5":[0,1],"6":[1,0],"7":[0,0],"8":[0,0],"9":[0,0],"10":[0,0],"11":[0,0,0],"12":[0,0],"13":[0,0],"14":[0,0],"15":[0,0],"16":[0,0],"17":[0,0],"18":[0,0],"19":[0,0],"20":[0,0],"21":[0,0],"22":[0,0],"23":[0,0],"24":[0,0],"25":[0,0],"26":[0,0,0],"27":[5,0],"28":[5,1],"29":[0,0],"30":[0,0],"31":[5,0],"32":[5,1],"33":[0,0],"34":[0,0],"35":[5,0],"36":[5,1],"37":[0,0],"38":[0,0],"39":[0,5],"40":[0,5],"41":[0,5],"42":[0,5],"43":[0,5],"44":[0,5],"45":[0,5]},"_coverageSchema":"1a1c01bbd47fc00a2c39e90264f33305004495a9","hash":"dfda503f9da2f3373eb95d518d7e7409afa7f4e4"}
,"D:\\studies\\BSc\\ElectronicOrganizer\\src\\components\\image-picker-overlay.js": {"path":"D:\\studies\\BSc\\ElectronicOrganizer\\src\\components\\image-picker-overlay.js","statementMap":{"0":{"start":{"line":24,"column":30},"end":{"line":43,"column":3}},"1":{"start":{"line":25,"column":4},"end":{"line":42,"column":9}},"2":{"start":{"line":32,"column":8},"end":{"line":32,"column":65}},"3":{"start":{"line":33,"column":8},"end":{"line":33,"column":23}},"4":{"start":{"line":36,"column":8},"end":{"line":41,"column":9}},"5":{"start":{"line":37,"column":10},"end":{"line":37,"column":25}},"6":{"start":{"line":38,"column":10},"end":{"line":40,"column":12}},"7":{"start":{"line":45,"column":30},"end":{"line":64,"column":3}},"8":{"start":{"line":46,"column":4},"end":{"line":63,"column":9}},"9":{"start":{"line":53,"column":8},"end":{"line":53,"column":65}},"10":{"start":{"line":54,"column":8},"end":{"line":54,"column":23}},"11":{"start":{"line":57,"column":8},"end":{"line":62,"column":9}},"12":{"start":{"line":58,"column":10},"end":{"line":58,"column":25}},"13":{"start":{"line":59,"column":10},"end":{"line":61,"column":12}},"14":{"start":{"line":66,"column":2},"end":{"line":119,"column":4}},"15":{"start":{"line":122,"column":15},"end":{"line":156,"column":2}}},"fnMap":{"0":{"name":"ImagePickerOverlay","decl":{"start":{"line":19,"column":24},"end":{"line":19,"column":42}},"loc":{"start":{"line":23,"column":3},"end":{"line":120,"column":1}},"line":23},"1":{"name":"(anonymous_1)","decl":{"start":{"line":24,"column":30},"end":{"line":24,"column":31}},"loc":{"start":{"line":24,"column":36},"end":{"line":43,"column":3}},"line":24},"2":{"name":"(anonymous_2)","decl":{"start":{"line":31,"column":12},"end":{"line":31,"column":13}},"loc":{"start":{"line":31,"column":21},"end":{"line":34,"column":7}},"line":31},"3":{"name":"(anonymous_3)","decl":{"start":{"line":35,"column":13},"end":{"line":35,"column":14}},"loc":{"start":{"line":35,"column":18},"end":{"line":42,"column":7}},"line":35},"4":{"name":"(anonymous_4)","decl":{"start":{"line":45,"column":30},"end":{"line":45,"column":31}},"loc":{"start":{"line":45,"column":36},"end":{"line":64,"column":3}},"line":45},"5":{"name":"(anonymous_5)","decl":{"start":{"line":52,"column":12},"end":{"line":52,"column":13}},"loc":{"start":{"line":52,"column":21},"end":{"line":55,"column":7}},"line":52},"6":{"name":"(anonymous_6)","decl":{"start":{"line":56,"column":13},"end":{"line":56,"column":14}},"loc":{"start":{"line":56,"column":18},"end":{"line":63,"column":7}},"line":56}},"branchMap":{"0":{"loc":{"start":{"line":36,"column":8},"end":{"line":41,"column":9}},"type":"if","locations":[{"start":{"line":36,"column":8},"end":{"line":41,"column":9}},{"start":{"line":36,"column":8},"end":{"line":41,"column":9}}],"line":36},"1":{"loc":{"start":{"line":57,"column":8},"end":{"line":62,"column":9}},"type":"if","locations":[{"start":{"line":57,"column":8},"end":{"line":62,"column":9}},{"start":{"line":57,"column":8},"end":{"line":62,"column":9}}],"line":57}},"s":{"0":1,"1":0,"2":0,"3":0,"4":0,"5":0,"6":0,"7":1,"8":0,"9":0,"10":0,"11":0,"12":0,"13":0,"14":1,"15":4},"f":{"0":1,"1":0,"2":0,"3":0,"4":0,"5":0,"6":0},"b":{"0":[0,0],"1":[0,0]},"_coverageSchema":"1a1c01bbd47fc00a2c39e90264f33305004495a9","hash":"cf7d3ac9a05850600d1ee39b072c49895c1bd61b"}
,"D:\\studies\\BSc\\ElectronicOrganizer\\src\\components\\input-text.js": {"path":"D:\\studies\\BSc\\ElectronicOrganizer\\src\\components\\input-text.js","statementMap":{"0":{"start":{"line":5,"column":14},"end":{"line":62,"column":1}},"1":{"start":{"line":6,"column":32},"end":{"line":6,"column":47}},"2":{"start":{"line":7,"column":18},"end":{"line":10,"column":3}},"3":{"start":{"line":8,"column":4},"end":{"line":8,"column":21}},"4":{"start":{"line":9,"column":4},"end":{"line":9,"column":20}},"5":{"start":{"line":12,"column":17},"end":{"line":15,"column":3}},"6":{"start":{"line":13,"column":4},"end":{"line":13,"column":22}},"7":{"start":{"line":14,"column":4},"end":{"line":14,"column":19}},"8":{"start":{"line":17,"column":30},"end":{"line":21,"column":3}},"9":{"start":{"line":23,"column":31},"end":{"line":23,"column":90}},"10":{"start":{"line":24,"column":16},"end":{"line":26,"column":3}},"11":{"start":{"line":29,"column":4},"end":{"line":29,"column":14}},"12":{"start":{"line":31,"column":21},"end":{"line":36,"column":3}},"13":{"start":{"line":38,"column":19},"end":{"line":41,"column":3}},"14":{"start":{"line":43,"column":18},"end":{"line":46,"column":3}},"15":{"start":{"line":48,"column":2},"end":{"line":61,"column":4}},"16":{"start":{"line":64,"column":0},"end":{"line":73,"column":2}},"17":{"start":{"line":65,"column":17},"end":{"line":65,"column":21}},"18":{"start":{"line":66,"column":16},"end":{"line":66,"column":20}}},"fnMap":{"0":{"name":"(anonymous_0)","decl":{"start":{"line":5,"column":14},"end":{"line":5,"column":15}},"loc":{"start":{"line":5,"column":23},"end":{"line":62,"column":1}},"line":5},"1":{"name":"(anonymous_1)","decl":{"start":{"line":7,"column":18},"end":{"line":7,"column":19}},"loc":{"start":{"line":7,"column":24},"end":{"line":10,"column":3}},"line":7},"2":{"name":"(anonymous_2)","decl":{"start":{"line":12,"column":17},"end":{"line":12,"column":18}},"loc":{"start":{"line":12,"column":23},"end":{"line":15,"column":3}},"line":12},"3":{"name":"(anonymous_3)","decl":{"start":{"line":65,"column":11},"end":{"line":65,"column":12}},"loc":{"start":{"line":65,"column":17},"end":{"line":65,"column":21}},"line":65},"4":{"name":"(anonymous_4)","decl":{"start":{"line":66,"column":10},"end":{"line":66,"column":11}},"loc":{"start":{"line":66,"column":16},"end":{"line":66,"column":20}},"line":66}},"branchMap":{"0":{"loc":{"start":{"line":19,"column":8},"end":{"line":19,"column":120}},"type":"cond-expr","locations":[{"start":{"line":19,"column":18},"end":{"line":19,"column":77}},{"start":{"line":19,"column":80},"end":{"line":19,"column":120}}],"line":19},"1":{"loc":{"start":{"line":23,"column":31},"end":{"line":23,"column":90}},"type":"cond-expr","locations":[{"start":{"line":23,"column":41},"end":{"line":23,"column":63}},{"start":{"line":23,"column":66},"end":{"line":23,"column":90}}],"line":23},"2":{"loc":{"start":{"line":33,"column":8},"end":{"line":33,"column":85}},"type":"cond-expr","locations":[{"start":{"line":33,"column":18},"end":{"line":33,"column":49}},{"start":{"line":33,"column":52},"end":{"line":33,"column":85}}],"line":33},"3":{"loc":{"start":{"line":40,"column":8},"end":{"line":40,"column":85}},"type":"cond-expr","locations":[{"start":{"line":40,"column":18},"end":{"line":40,"column":49}},{"start":{"line":40,"column":52},"end":{"line":40,"column":85}}],"line":40},"4":{"loc":{"start":{"line":45,"column":8},"end":{"line":45,"column":85}},"type":"cond-expr","locations":[{"start":{"line":45,"column":18},"end":{"line":45,"column":49}},{"start":{"line":45,"column":52},"end":{"line":45,"column":85}}],"line":45}},"s":{"0":11,"1":33,"2":33,"3":0,"4":0,"5":33,"6":0,"7":0,"8":33,"9":33,"10":33,"11":33,"12":33,"13":33,"14":33,"15":33,"16":11,"17":0,"18":0},"f":{"0":33,"1":0,"2":0,"3":0,"4":0},"b":{"0":[0,33],"1":[0,33],"2":[0,33],"3":[0,33],"4":[0,33]},"_coverageSchema":"1a1c01bbd47fc00a2c39e90264f33305004495a9","hash":"5bdf3f639b77b29169b47f23bf0525f7e5706160"}
,"D:\\studies\\BSc\\ElectronicOrganizer\\src\\components\\logo.js": {"path":"D:\\studies\\BSc\\ElectronicOrganizer\\src\\components\\logo.js","statementMap":{"0":{"start":{"line":5,"column":2},"end":{"line":7,"column":4}},"1":{"start":{"line":10,"column":15},"end":{"line":15,"column":2}}},"fnMap":{"0":{"name":"Logo","decl":{"start":{"line":4,"column":24},"end":{"line":4,"column":28}},"loc":{"start":{"line":4,"column":46},"end":{"line":8,"column":1}},"line":4}},"branchMap":{},"s":{"0":4,"1":6},"f":{"0":4},"b":{},"_coverageSchema":"1a1c01bbd47fc00a2c39e90264f33305004495a9","hash":"167a79990760bc0bcb106e9fb8580461ec42047d"}
,"D:\\studies\\BSc\\ElectronicOrganizer\\src\\components\\render-item.js": {"path":"D:\\studies\\BSc\\ElectronicOrganizer\\src\\components\\render-item.js","statementMap":{"0":{"start":{"line":11,"column":23},"end":{"line":13,"column":3}},"1":{"start":{"line":12,"column":4},"end":{"line":12,"column":25}},"2":{"start":{"line":14,"column":20},"end":{"line":14,"column":45}},"3":{"start":{"line":15,"column":18},"end":{"line":15,"column":41}},"4":{"start":{"line":16,"column":2},"end":{"line":36,"column":4}},"5":{"start":{"line":21,"column":12},"end":{"line":21,"column":31}},"6":{"start":{"line":39,"column":15},"end":{"line":49,"column":2}}},"fnMap":{"0":{"name":"RenderItem","decl":{"start":{"line":5,"column":24},"end":{"line":5,"column":34}},"loc":{"start":{"line":10,"column":3},"end":{"line":37,"column":1}},"line":10},"1":{"name":"(anonymous_1)","decl":{"start":{"line":11,"column":23},"end":{"line":11,"column":24}},"loc":{"start":{"line":11,"column":32},"end":{"line":13,"column":3}},"line":11},"2":{"name":"(anonymous_2)","decl":{"start":{"line":20,"column":23},"end":{"line":20,"column":24}},"loc":{"start":{"line":20,"column":29},"end":{"line":22,"column":11}},"line":20}},"branchMap":{"0":{"loc":{"start":{"line":18,"column":31},"end":{"line":18,"column":70}},"type":"cond-expr","locations":[{"start":{"line":18,"column":48},"end":{"line":18,"column":63}},{"start":{"line":18,"column":66},"end":{"line":18,"column":70}}],"line":18},"1":{"loc":{"start":{"line":33,"column":13},"end":{"line":33,"column":61}},"type":"cond-expr","locations":[{"start":{"line":33,"column":39},"end":{"line":33,"column":48}},{"start":{"line":33,"column":51},"end":{"line":33,"column":61}}],"line":33}},"s":{"0":0,"1":0,"2":0,"3":0,"4":0,"5":0,"6":3},"f":{"0":0,"1":0,"2":0},"b":{"0":[0,0],"1":[0,0]},"_coverageSchema":"1a1c01bbd47fc00a2c39e90264f33305004495a9","hash":"dc4ca489f6b43b0a1966992dd54ac7b0e3971a27"}
,"D:\\studies\\BSc\\ElectronicOrganizer\\src\\components\\render-recognized-events.js": {"path":"D:\\studies\\BSc\\ElectronicOrganizer\\src\\components\\render-recognized-events.js","statementMap":{"0":{"start":{"line":25,"column":44},"end":{"line":25,"column":59}},"1":{"start":{"line":26,"column":50},"end":{"line":26,"column":62}},"2":{"start":{"line":27,"column":33},"end":{"line":29,"column":3}},"3":{"start":{"line":28,"column":4},"end":{"line":28,"column":35}},"4":{"start":{"line":30,"column":29},"end":{"line":33,"column":3}},"5":{"start":{"line":31,"column":4},"end":{"line":31,"column":24}},"6":{"start":{"line":32,"column":4},"end":{"line":32,"column":27}},"7":{"start":{"line":34,"column":2},"end":{"line":34,"column":26}},"8":{"start":{"line":35,"column":15},"end":{"line":78,"column":3}},"9":{"start":{"line":36,"column":4},"end":{"line":77,"column":23}},"10":{"start":{"line":48,"column":8},"end":{"line":48,"column":37}},"11":{"start":{"line":49,"column":8},"end":{"line":49,"column":36}},"12":{"start":{"line":80,"column":21},"end":{"line":80,"column":53}},"13":{"start":{"line":80,"column":33},"end":{"line":80,"column":53}},"14":{"start":{"line":82,"column":2},"end":{"line":90,"column":4}},"15":{"start":{"line":87,"column":30},"end":{"line":87,"column":37}},"16":{"start":{"line":93,"column":15},"end":{"line":121,"column":2}}},"fnMap":{"0":{"name":"RenderRecognizedEvents","decl":{"start":{"line":18,"column":24},"end":{"line":18,"column":46}},"loc":{"start":{"line":24,"column":3},"end":{"line":91,"column":1}},"line":24},"1":{"name":"(anonymous_1)","decl":{"start":{"line":27,"column":33},"end":{"line":27,"column":34}},"loc":{"start":{"line":27,"column":42},"end":{"line":29,"column":3}},"line":27},"2":{"name":"(anonymous_2)","decl":{"start":{"line":30,"column":29},"end":{"line":30,"column":30}},"loc":{"start":{"line":30,"column":38},"end":{"line":33,"column":3}},"line":30},"3":{"name":"(anonymous_3)","decl":{"start":{"line":34,"column":12},"end":{"line":34,"column":13}},"loc":{"start":{"line":34,"column":18},"end":{"line":34,"column":20}},"line":34},"4":{"name":"(anonymous_4)","decl":{"start":{"line":35,"column":15},"end":{"line":35,"column":16}},"loc":{"start":{"line":36,"column":4},"end":{"line":77,"column":23}},"line":36},"5":{"name":"(anonymous_5)","decl":{"start":{"line":47,"column":19},"end":{"line":47,"column":20}},"loc":{"start":{"line":47,"column":25},"end":{"line":50,"column":7}},"line":47},"6":{"name":"(anonymous_6)","decl":{"start":{"line":80,"column":21},"end":{"line":80,"column":22}},"loc":{"start":{"line":80,"column":33},"end":{"line":80,"column":53}},"line":80},"7":{"name":"(anonymous_7)","decl":{"start":{"line":87,"column":22},"end":{"line":87,"column":23}},"loc":{"start":{"line":87,"column":30},"end":{"line":87,"column":37}},"line":87}},"branchMap":{"0":{"loc":{"start":{"line":41,"column":12},"end":{"line":43,"column":44}},"type":"cond-expr","locations":[{"start":{"line":42,"column":16},"end":{"line":42,"column":40}},{"start":{"line":43,"column":16},"end":{"line":43,"column":44}}],"line":41},"1":{"loc":{"start":{"line":41,"column":12},"end":{"line":41,"column":69}},"type":"binary-expr","locations":[{"start":{"line":41,"column":12},"end":{"line":41,"column":38}},{"start":{"line":41,"column":42},"end":{"line":41,"column":69}}],"line":41}},"s":{"0":1,"1":1,"2":1,"3":0,"4":1,"5":0,"6":0,"7":1,"8":1,"9":3,"10":0,"11":0,"12":1,"13":3,"14":1,"15":3,"16":3},"f":{"0":1,"1":0,"2":0,"3":0,"4":3,"5":0,"6":3,"7":3},"b":{"0":[0,3],"1":[3,0]},"_coverageSchema":"1a1c01bbd47fc00a2c39e90264f33305004495a9","hash":"fd4e4f506392d51772928ed6cfc285a735fccd48"}
,"D:\\studies\\BSc\\ElectronicOrganizer\\src\\components\\render-service.js": {"path":"D:\\studies\\BSc\\ElectronicOrganizer\\src\\components\\render-service.js","statementMap":{"0":{"start":{"line":26,"column":44},"end":{"line":26,"column":59}},"1":{"start":{"line":27,"column":34},"end":{"line":27,"column":46}},"2":{"start":{"line":28,"column":26},"end":{"line":30,"column":3}},"3":{"start":{"line":29,"column":4},"end":{"line":29,"column":27}},"4":{"start":{"line":31,"column":29},"end":{"line":34,"column":3}},"5":{"start":{"line":32,"column":4},"end":{"line":32,"column":24}},"6":{"start":{"line":33,"column":4},"end":{"line":33,"column":27}},"7":{"start":{"line":37,"column":2},"end":{"line":39,"column":9}},"8":{"start":{"line":38,"column":4},"end":{"line":38,"column":17}},"9":{"start":{"line":40,"column":15},"end":{"line":86,"column":3}},"10":{"start":{"line":41,"column":4},"end":{"line":85,"column":23}},"11":{"start":{"line":53,"column":8},"end":{"line":53,"column":30}},"12":{"start":{"line":54,"column":8},"end":{"line":54,"column":36}},"13":{"start":{"line":88,"column":21},"end":{"line":88,"column":53}},"14":{"start":{"line":88,"column":33},"end":{"line":88,"column":53}},"15":{"start":{"line":90,"column":2},"end":{"line":102,"column":4}},"16":{"start":{"line":98,"column":32},"end":{"line":98,"column":39}},"17":{"start":{"line":105,"column":15},"end":{"line":133,"column":2}}},"fnMap":{"0":{"name":"RenderService","decl":{"start":{"line":18,"column":24},"end":{"line":18,"column":37}},"loc":{"start":{"line":25,"column":3},"end":{"line":103,"column":1}},"line":25},"1":{"name":"(anonymous_1)","decl":{"start":{"line":28,"column":26},"end":{"line":28,"column":27}},"loc":{"start":{"line":28,"column":35},"end":{"line":30,"column":3}},"line":28},"2":{"name":"(anonymous_2)","decl":{"start":{"line":31,"column":29},"end":{"line":31,"column":30}},"loc":{"start":{"line":31,"column":38},"end":{"line":34,"column":3}},"line":31},"3":{"name":"(anonymous_3)","decl":{"start":{"line":37,"column":12},"end":{"line":37,"column":13}},"loc":{"start":{"line":37,"column":18},"end":{"line":39,"column":3}},"line":37},"4":{"name":"(anonymous_4)","decl":{"start":{"line":40,"column":15},"end":{"line":40,"column":16}},"loc":{"start":{"line":41,"column":4},"end":{"line":85,"column":23}},"line":41},"5":{"name":"(anonymous_5)","decl":{"start":{"line":52,"column":19},"end":{"line":52,"column":20}},"loc":{"start":{"line":52,"column":25},"end":{"line":55,"column":7}},"line":52},"6":{"name":"(anonymous_6)","decl":{"start":{"line":88,"column":21},"end":{"line":88,"column":22}},"loc":{"start":{"line":88,"column":33},"end":{"line":88,"column":53}},"line":88},"7":{"name":"(anonymous_7)","decl":{"start":{"line":98,"column":24},"end":{"line":98,"column":25}},"loc":{"start":{"line":98,"column":32},"end":{"line":98,"column":39}},"line":98}},"branchMap":{"0":{"loc":{"start":{"line":46,"column":12},"end":{"line":48,"column":44}},"type":"cond-expr","locations":[{"start":{"line":47,"column":16},"end":{"line":47,"column":40}},{"start":{"line":48,"column":16},"end":{"line":48,"column":44}}],"line":46},"1":{"loc":{"start":{"line":46,"column":12},"end":{"line":46,"column":69}},"type":"binary-expr","locations":[{"start":{"line":46,"column":12},"end":{"line":46,"column":38}},{"start":{"line":46,"column":42},"end":{"line":46,"column":69}}],"line":46},"2":{"loc":{"start":{"line":92,"column":7},"end":{"line":100,"column":7}},"type":"cond-expr","locations":[{"start":{"line":93,"column":8},"end":{"line":93,"column":29}},{"start":{"line":95,"column":8},"end":{"line":99,"column":10}}],"line":92}},"s":{"0":2,"1":2,"2":2,"3":0,"4":2,"5":0,"6":0,"7":2,"8":0,"9":2,"10":0,"11":0,"12":0,"13":2,"14":0,"15":2,"16":0,"17":4},"f":{"0":2,"1":0,"2":0,"3":0,"4":0,"5":0,"6":0,"7":0},"b":{"0":[0,0],"1":[0,0],"2":[1,1]},"_coverageSchema":"1a1c01bbd47fc00a2c39e90264f33305004495a9","hash":"63a8787afed514381d79ed08b19003f44b794ff1"}
,"D:\\studies\\BSc\\ElectronicOrganizer\\src\\components\\search-services.js": {"path":"D:\\studies\\BSc\\ElectronicOrganizer\\src\\components\\search-services.js","statementMap":{"0":{"start":{"line":25,"column":30},"end":{"line":25,"column":42}},"1":{"start":{"line":26,"column":54},"end":{"line":26,"column":66}},"2":{"start":{"line":27,"column":50},"end":{"line":27,"column":62}},"3":{"start":{"line":28,"column":50},"end":{"line":28,"column":65}},"4":{"start":{"line":30,"column":21},"end":{"line":48,"column":3}},"5":{"start":{"line":31,"column":4},"end":{"line":47,"column":7}},"6":{"start":{"line":32,"column":6},"end":{"line":46,"column":9}},"7":{"start":{"line":33,"column":8},"end":{"line":45,"column":30}},"8":{"start":{"line":42,"column":12},"end":{"line":42,"column":66}},"9":{"start":{"line":43,"column":12},"end":{"line":43,"column":64}},"10":{"start":{"line":49,"column":2},"end":{"line":52,"column":9}},"11":{"start":{"line":50,"column":4},"end":{"line":50,"column":27}},"12":{"start":{"line":51,"column":4},"end":{"line":51,"column":17}},"13":{"start":{"line":53,"column":31},"end":{"line":68,"column":3}},"14":{"start":{"line":54,"column":4},"end":{"line":67,"column":5}},"15":{"start":{"line":55,"column":22},"end":{"line":61,"column":8}},"16":{"start":{"line":56,"column":25},"end":{"line":58,"column":28}},"17":{"start":{"line":59,"column":25},"end":{"line":59,"column":43}},"18":{"start":{"line":60,"column":8},"end":{"line":60,"column":47}},"19":{"start":{"line":62,"column":6},"end":{"line":62,"column":37}},"20":{"start":{"line":63,"column":6},"end":{"line":63,"column":22}},"21":{"start":{"line":65,"column":6},"end":{"line":65,"column":46}},"22":{"start":{"line":66,"column":6},"end":{"line":66,"column":22}},"23":{"start":{"line":70,"column":18},"end":{"line":73,"column":3}},"24":{"start":{"line":71,"column":4},"end":{"line":71,"column":28}},"25":{"start":{"line":72,"column":4},"end":{"line":72,"column":30}},"26":{"start":{"line":75,"column":2},"end":{"line":120,"column":4}},"27":{"start":{"line":84,"column":10},"end":{"line":84,"column":34}},"28":{"start":{"line":85,"column":10},"end":{"line":85,"column":37}},"29":{"start":{"line":96,"column":10},"end":{"line":96,"column":35}},"30":{"start":{"line":97,"column":10},"end":{"line":97,"column":35}},"31":{"start":{"line":100,"column":10},"end":{"line":100,"column":19}},"32":{"start":{"line":101,"column":10},"end":{"line":101,"column":36}},"33":{"start":{"line":102,"column":10},"end":{"line":102,"column":34}},"34":{"start":{"line":108,"column":12},"end":{"line":115,"column":31}},"35":{"start":{"line":110,"column":16},"end":{"line":110,"column":35}},"36":{"start":{"line":123,"column":15},"end":{"line":151,"column":2}}},"fnMap":{"0":{"name":"SearchServices","decl":{"start":{"line":17,"column":24},"end":{"line":17,"column":38}},"loc":{"start":{"line":24,"column":3},"end":{"line":121,"column":1}},"line":24},"1":{"name":"(anonymous_1)","decl":{"start":{"line":30,"column":21},"end":{"line":30,"column":22}},"loc":{"start":{"line":30,"column":27},"end":{"line":48,"column":3}},"line":30},"2":{"name":"(anonymous_2)","decl":{"start":{"line":31,"column":26},"end":{"line":31,"column":27}},"loc":{"start":{"line":31,"column":35},"end":{"line":47,"column":5}},"line":31},"3":{"name":"(anonymous_3)","decl":{"start":{"line":32,"column":28},"end":{"line":32,"column":29}},"loc":{"start":{"line":32,"column":36},"end":{"line":46,"column":7}},"line":32},"4":{"name":"(anonymous_4)","decl":{"start":{"line":41,"column":16},"end":{"line":41,"column":17}},"loc":{"start":{"line":41,"column":28},"end":{"line":44,"column":11}},"line":41},"5":{"name":"(anonymous_5)","decl":{"start":{"line":45,"column":17},"end":{"line":45,"column":18}},"loc":{"start":{"line":45,"column":26},"end":{"line":45,"column":28}},"line":45},"6":{"name":"(anonymous_6)","decl":{"start":{"line":49,"column":12},"end":{"line":49,"column":13}},"loc":{"start":{"line":49,"column":18},"end":{"line":52,"column":3}},"line":49},"7":{"name":"(anonymous_7)","decl":{"start":{"line":53,"column":31},"end":{"line":53,"column":32}},"loc":{"start":{"line":53,"column":39},"end":{"line":68,"column":3}},"line":53},"8":{"name":"(anonymous_8)","decl":{"start":{"line":55,"column":46},"end":{"line":55,"column":47}},"loc":{"start":{"line":55,"column":62},"end":{"line":61,"column":7}},"line":55},"9":{"name":"(anonymous_9)","decl":{"start":{"line":70,"column":18},"end":{"line":70,"column":19}},"loc":{"start":{"line":70,"column":26},"end":{"line":73,"column":3}},"line":70},"10":{"name":"(anonymous_10)","decl":{"start":{"line":83,"column":22},"end":{"line":83,"column":23}},"loc":{"start":{"line":83,"column":30},"end":{"line":86,"column":9}},"line":83},"11":{"name":"(anonymous_11)","decl":{"start":{"line":95,"column":19},"end":{"line":95,"column":20}},"loc":{"start":{"line":95,"column":25},"end":{"line":98,"column":9}},"line":95},"12":{"name":"(anonymous_12)","decl":{"start":{"line":99,"column":16},"end":{"line":99,"column":17}},"loc":{"start":{"line":99,"column":22},"end":{"line":103,"column":9}},"line":99},"13":{"name":"(anonymous_13)","decl":{"start":{"line":107,"column":34},"end":{"line":107,"column":35}},"loc":{"start":{"line":108,"column":12},"end":{"line":115,"column":31}},"line":108},"14":{"name":"(anonymous_14)","decl":{"start":{"line":109,"column":23},"end":{"line":109,"column":24}},"loc":{"start":{"line":109,"column":29},"end":{"line":111,"column":15}},"line":109}},"branchMap":{"0":{"loc":{"start":{"line":54,"column":4},"end":{"line":67,"column":5}},"type":"if","locations":[{"start":{"line":54,"column":4},"end":{"line":67,"column":5}},{"start":{"line":54,"column":4},"end":{"line":67,"column":5}}],"line":54},"1":{"loc":{"start":{"line":56,"column":25},"end":{"line":58,"column":28}},"type":"cond-expr","locations":[{"start":{"line":57,"column":12},"end":{"line":57,"column":35}},{"start":{"line":58,"column":12},"end":{"line":58,"column":28}}],"line":56},"2":{"loc":{"start":{"line":105,"column":7},"end":{"line":118,"column":14}},"type":"cond-expr","locations":[{"start":{"line":106,"column":8},"end":{"line":117,"column":15}},{"start":{"line":118,"column":10},"end":{"line":118,"column":14}}],"line":105}},"s":{"0":5,"1":5,"2":5,"3":5,"4":5,"5":1,"6":1,"7":1,"8":0,"9":0,"10":5,"11":1,"12":1,"13":5,"14":0,"15":0,"16":0,"17":0,"18":0,"19":0,"20":0,"21":0,"22":0,"23":5,"24":0,"25":0,"26":5,"27":0,"28":0,"29":0,"30":0,"31":0,"32":0,"33":0,"34":0,"35":0,"36":5},"f":{"0":5,"1":1,"2":1,"3":1,"4":0,"5":0,"6":1,"7":0,"8":0,"9":0,"10":0,"11":0,"12":0,"13":0,"14":0},"b":{"0":[0,0],"1":[0,0],"2":[0,5]},"_coverageSchema":"1a1c01bbd47fc00a2c39e90264f33305004495a9","hash":"f20cd300b31f383f8f585b60a509310b444335bb"}
,"D:\\studies\\BSc\\ElectronicOrganizer\\src\\components\\service-form.js": {"path":"D:\\studies\\BSc\\ElectronicOrganizer\\src\\components\\service-form.js","statementMap":{"0":{"start":{"line":36,"column":28},"end":{"line":36,"column":60}},"1":{"start":{"line":37,"column":44},"end":{"line":40,"column":4}},"2":{"start":{"line":41,"column":26},"end":{"line":41,"column":58}},"3":{"start":{"line":43,"column":4},"end":{"line":43,"column":19}},"4":{"start":{"line":45,"column":2},"end":{"line":67,"column":27}},"5":{"start":{"line":46,"column":4},"end":{"line":66,"column":5}},"6":{"start":{"line":47,"column":6},"end":{"line":47,"column":49}},"7":{"start":{"line":48,"column":6},"end":{"line":54,"column":9}},"8":{"start":{"line":55,"column":6},"end":{"line":58,"column":9}},"9":{"start":{"line":60,"column":6},"end":{"line":60,"column":39}},"10":{"start":{"line":61,"column":6},"end":{"line":64,"column":9}},"11":{"start":{"line":65,"column":6},"end":{"line":65,"column":38}},"12":{"start":{"line":68,"column":22},"end":{"line":143,"column":3}},"13":{"start":{"line":69,"column":23},"end":{"line":69,"column":50}},"14":{"start":{"line":70,"column":31},"end":{"line":70,"column":65}},"15":{"start":{"line":71,"column":22},"end":{"line":71,"column":47}},"16":{"start":{"line":72,"column":4},"end":{"line":79,"column":5}},"17":{"start":{"line":73,"column":6},"end":{"line":78,"column":7}},"18":{"start":{"line":74,"column":8},"end":{"line":74,"column":48}},"19":{"start":{"line":75,"column":8},"end":{"line":75,"column":72}},"20":{"start":{"line":76,"column":8},"end":{"line":76,"column":45}},"21":{"start":{"line":77,"column":8},"end":{"line":77,"column":15}},"22":{"start":{"line":80,"column":4},"end":{"line":142,"column":7}},"23":{"start":{"line":81,"column":6},"end":{"line":141,"column":9}},"24":{"start":{"line":82,"column":8},"end":{"line":102,"column":9}},"25":{"start":{"line":83,"column":10},"end":{"line":101,"column":15}},"26":{"start":{"line":95,"column":14},"end":{"line":97,"column":15}},"27":{"start":{"line":96,"column":16},"end":{"line":96,"column":35}},"28":{"start":{"line":100,"column":14},"end":{"line":100,"column":36}},"29":{"start":{"line":103,"column":8},"end":{"line":126,"column":9}},"30":{"start":{"line":104,"column":10},"end":{"line":125,"column":15}},"31":{"start":{"line":119,"column":14},"end":{"line":121,"column":15}},"32":{"start":{"line":120,"column":16},"end":{"line":120,"column":35}},"33":{"start":{"line":124,"column":14},"end":{"line":124,"column":36}},"34":{"start":{"line":127,"column":8},"end":{"line":140,"column":9}},"35":{"start":{"line":128,"column":10},"end":{"line":139,"column":15}},"36":{"start":{"line":133,"column":14},"end":{"line":135,"column":15}},"37":{"start":{"line":134,"column":16},"end":{"line":134,"column":35}},"38":{"start":{"line":138,"column":14},"end":{"line":138,"column":36}},"39":{"start":{"line":145,"column":27},"end":{"line":152,"column":3}},"40":{"start":{"line":146,"column":4},"end":{"line":146,"column":24}},"41":{"start":{"line":147,"column":4},"end":{"line":147,"column":41}},"42":{"start":{"line":148,"column":4},"end":{"line":151,"column":13}},"43":{"start":{"line":149,"column":6},"end":{"line":149,"column":19}},"44":{"start":{"line":150,"column":6},"end":{"line":150,"column":20}},"45":{"start":{"line":153,"column":25},"end":{"line":162,"column":3}},"46":{"start":{"line":154,"column":4},"end":{"line":160,"column":5}},"47":{"start":{"line":155,"column":6},"end":{"line":155,"column":50}},"48":{"start":{"line":157,"column":6},"end":{"line":159,"column":7}},"49":{"start":{"line":158,"column":8},"end":{"line":158,"column":63}},"50":{"start":{"line":161,"column":4},"end":{"line":161,"column":11}},"51":{"start":{"line":163,"column":22},"end":{"line":166,"column":3}},"52":{"start":{"line":164,"column":4},"end":{"line":164,"column":42}},"53":{"start":{"line":165,"column":4},"end":{"line":165,"column":26}},"54":{"start":{"line":168,"column":2},"end":{"line":278,"column":4}},"55":{"start":{"line":200,"column":34},"end":{"line":200,"column":68}},"56":{"start":{"line":222,"column":34},"end":{"line":222,"column":76}},"57":{"start":{"line":240,"column":34},"end":{"line":240,"column":56}},"58":{"start":{"line":270,"column":14},"end":{"line":270,"column":34}},"59":{"start":{"line":271,"column":14},"end":{"line":271,"column":28}},"60":{"start":{"line":281,"column":15},"end":{"line":310,"column":2}}},"fnMap":{"0":{"name":"ServiceForm","decl":{"start":{"line":28,"column":24},"end":{"line":28,"column":35}},"loc":{"start":{"line":35,"column":3},"end":{"line":279,"column":1}},"line":35},"1":{"name":"(anonymous_1)","decl":{"start":{"line":45,"column":12},"end":{"line":45,"column":13}},"loc":{"start":{"line":45,"column":18},"end":{"line":67,"column":3}},"line":45},"2":{"name":"(anonymous_2)","decl":{"start":{"line":68,"column":22},"end":{"line":68,"column":23}},"loc":{"start":{"line":68,"column":28},"end":{"line":143,"column":3}},"line":68},"3":{"name":"(anonymous_3)","decl":{"start":{"line":80,"column":26},"end":{"line":80,"column":27}},"loc":{"start":{"line":80,"column":35},"end":{"line":142,"column":5}},"line":80},"4":{"name":"(anonymous_4)","decl":{"start":{"line":81,"column":28},"end":{"line":81,"column":29}},"loc":{"start":{"line":81,"column":36},"end":{"line":141,"column":7}},"line":81},"5":{"name":"(anonymous_5)","decl":{"start":{"line":94,"column":18},"end":{"line":94,"column":19}},"loc":{"start":{"line":94,"column":30},"end":{"line":98,"column":13}},"line":94},"6":{"name":"(anonymous_6)","decl":{"start":{"line":99,"column":19},"end":{"line":99,"column":20}},"loc":{"start":{"line":99,"column":28},"end":{"line":101,"column":13}},"line":99},"7":{"name":"(anonymous_7)","decl":{"start":{"line":118,"column":18},"end":{"line":118,"column":19}},"loc":{"start":{"line":118,"column":30},"end":{"line":122,"column":13}},"line":118},"8":{"name":"(anonymous_8)","decl":{"start":{"line":123,"column":19},"end":{"line":123,"column":20}},"loc":{"start":{"line":123,"column":28},"end":{"line":125,"column":13}},"line":123},"9":{"name":"(anonymous_9)","decl":{"start":{"line":132,"column":18},"end":{"line":132,"column":19}},"loc":{"start":{"line":132,"column":30},"end":{"line":136,"column":13}},"line":132},"10":{"name":"(anonymous_10)","decl":{"start":{"line":137,"column":19},"end":{"line":137,"column":20}},"loc":{"start":{"line":137,"column":28},"end":{"line":139,"column":13}},"line":137},"11":{"name":"(anonymous_11)","decl":{"start":{"line":145,"column":27},"end":{"line":145,"column":28}},"loc":{"start":{"line":145,"column":33},"end":{"line":152,"column":3}},"line":145},"12":{"name":"(anonymous_12)","decl":{"start":{"line":148,"column":15},"end":{"line":148,"column":16}},"loc":{"start":{"line":148,"column":21},"end":{"line":151,"column":5}},"line":148},"13":{"name":"(anonymous_13)","decl":{"start":{"line":153,"column":25},"end":{"line":153,"column":26}},"loc":{"start":{"line":153,"column":34},"end":{"line":162,"column":3}},"line":153},"14":{"name":"(anonymous_14)","decl":{"start":{"line":163,"column":22},"end":{"line":163,"column":23}},"loc":{"start":{"line":163,"column":28},"end":{"line":166,"column":3}},"line":163},"15":{"name":"(anonymous_15)","decl":{"start":{"line":200,"column":26},"end":{"line":200,"column":27}},"loc":{"start":{"line":200,"column":34},"end":{"line":200,"column":68}},"line":200},"16":{"name":"(anonymous_16)","decl":{"start":{"line":222,"column":26},"end":{"line":222,"column":27}},"loc":{"start":{"line":222,"column":34},"end":{"line":222,"column":76}},"line":222},"17":{"name":"(anonymous_17)","decl":{"start":{"line":240,"column":26},"end":{"line":240,"column":27}},"loc":{"start":{"line":240,"column":34},"end":{"line":240,"column":56}},"line":240},"18":{"name":"(anonymous_18)","decl":{"start":{"line":269,"column":21},"end":{"line":269,"column":22}},"loc":{"start":{"line":269,"column":27},"end":{"line":272,"column":13}},"line":269}},"branchMap":{"0":{"loc":{"start":{"line":46,"column":4},"end":{"line":66,"column":5}},"type":"if","locations":[{"start":{"line":46,"column":4},"end":{"line":66,"column":5}},{"start":{"line":46,"column":4},"end":{"line":66,"column":5}}],"line":46},"1":{"loc":{"start":{"line":50,"column":10},"end":{"line":52,"column":16}},"type":"cond-expr","locations":[{"start":{"line":51,"column":14},"end":{"line":51,"column":47}},{"start":{"line":52,"column":14},"end":{"line":52,"column":16}}],"line":50},"2":{"loc":{"start":{"line":56,"column":15},"end":{"line":56,"column":72}},"type":"cond-expr","locations":[{"start":{"line":56,"column":44},"end":{"line":56,"column":67}},{"start":{"line":56,"column":70},"end":{"line":56,"column":72}}],"line":56},"3":{"loc":{"start":{"line":72,"column":4},"end":{"line":79,"column":5}},"type":"if","locations":[{"start":{"line":72,"column":4},"end":{"line":79,"column":5}},{"start":{"line":72,"column":4},"end":{"line":79,"column":5}}],"line":72},"4":{"loc":{"start":{"line":73,"column":6},"end":{"line":78,"column":7}},"type":"if","locations":[{"start":{"line":73,"column":6},"end":{"line":78,"column":7}},{"start":{"line":73,"column":6},"end":{"line":78,"column":7}}],"line":73},"5":{"loc":{"start":{"line":73,"column":10},"end":{"line":73,"column":55}},"type":"binary-expr","locations":[{"start":{"line":73,"column":10},"end":{"line":73,"column":20}},{"start":{"line":73,"column":24},"end":{"line":73,"column":42}},{"start":{"line":73,"column":46},"end":{"line":73,"column":55}}],"line":73},"6":{"loc":{"start":{"line":82,"column":8},"end":{"line":102,"column":9}},"type":"if","locations":[{"start":{"line":82,"column":8},"end":{"line":102,"column":9}},{"start":{"line":82,"column":8},"end":{"line":102,"column":9}}],"line":82},"7":{"loc":{"start":{"line":95,"column":14},"end":{"line":97,"column":15}},"type":"if","locations":[{"start":{"line":95,"column":14},"end":{"line":97,"column":15}},{"start":{"line":95,"column":14},"end":{"line":97,"column":15}}],"line":95},"8":{"loc":{"start":{"line":103,"column":8},"end":{"line":126,"column":9}},"type":"if","locations":[{"start":{"line":103,"column":8},"end":{"line":126,"column":9}},{"start":{"line":103,"column":8},"end":{"line":126,"column":9}}],"line":103},"9":{"loc":{"start":{"line":119,"column":14},"end":{"line":121,"column":15}},"type":"if","locations":[{"start":{"line":119,"column":14},"end":{"line":121,"column":15}},{"start":{"line":119,"column":14},"end":{"line":121,"column":15}}],"line":119},"10":{"loc":{"start":{"line":127,"column":8},"end":{"line":140,"column":9}},"type":"if","locations":[{"start":{"line":127,"column":8},"end":{"line":140,"column":9}},{"start":{"line":127,"column":8},"end":{"line":140,"column":9}}],"line":127},"11":{"loc":{"start":{"line":133,"column":14},"end":{"line":135,"column":15}},"type":"if","locations":[{"start":{"line":133,"column":14},"end":{"line":135,"column":15}},{"start":{"line":133,"column":14},"end":{"line":135,"column":15}}],"line":133},"12":{"loc":{"start":{"line":154,"column":4},"end":{"line":160,"column":5}},"type":"if","locations":[{"start":{"line":154,"column":4},"end":{"line":160,"column":5}},{"start":{"line":154,"column":4},"end":{"line":160,"column":5}}],"line":154},"13":{"loc":{"start":{"line":157,"column":6},"end":{"line":159,"column":7}},"type":"if","locations":[{"start":{"line":157,"column":6},"end":{"line":159,"column":7}},{"start":{"line":157,"column":6},"end":{"line":159,"column":7}}],"line":157},"14":{"loc":{"start":{"line":174,"column":11},"end":{"line":182,"column":11}},"type":"cond-expr","locations":[{"start":{"line":175,"column":12},"end":{"line":179,"column":14}},{"start":{"line":181,"column":12},"end":{"line":181,"column":80}}],"line":174},"15":{"loc":{"start":{"line":176,"column":20},"end":{"line":176,"column":59}},"type":"cond-expr","locations":[{"start":{"line":176,"column":42},"end":{"line":176,"column":48}},{"start":{"line":176,"column":51},"end":{"line":176,"column":59}}],"line":176},"16":{"loc":{"start":{"line":191,"column":14},"end":{"line":195,"column":49}},"type":"cond-expr","locations":[{"start":{"line":192,"column":18},"end":{"line":192,"column":33}},{"start":{"line":193,"column":18},"end":{"line":195,"column":49}}],"line":191},"17":{"loc":{"start":{"line":193,"column":18},"end":{"line":195,"column":49}},"type":"cond-expr","locations":[{"start":{"line":194,"column":18},"end":{"line":194,"column":48}},{"start":{"line":195,"column":18},"end":{"line":195,"column":49}}],"line":193},"18":{"loc":{"start":{"line":209,"column":22},"end":{"line":209,"column":58}},"type":"cond-expr","locations":[{"start":{"line":209,"column":46},"end":{"line":209,"column":50}},{"start":{"line":209,"column":53},"end":{"line":209,"column":58}}],"line":209},"19":{"loc":{"start":{"line":231,"column":22},"end":{"line":231,"column":58}},"type":"cond-expr","locations":[{"start":{"line":231,"column":46},"end":{"line":231,"column":50}},{"start":{"line":231,"column":53},"end":{"line":231,"column":58}}],"line":231},"20":{"loc":{"start":{"line":249,"column":22},"end":{"line":249,"column":58}},"type":"cond-expr","locations":[{"start":{"line":249,"column":46},"end":{"line":249,"column":50}},{"start":{"line":249,"column":53},"end":{"line":249,"column":58}}],"line":249},"21":{"loc":{"start":{"line":276,"column":7},"end":{"line":276,"column":64}},"type":"cond-expr","locations":[{"start":{"line":276,"column":36},"end":{"line":276,"column":57}},{"start":{"line":276,"column":60},"end":{"line":276,"column":64}}],"line":276}},"s":{"0":2,"1":2,"2":2,"3":2,"4":2,"5":0,"6":0,"7":0,"8":0,"9":0,"10":0,"11":0,"12":2,"13":0,"14":0,"15":0,"16":0,"17":0,"18":0,"19":0,"20":0,"21":0,"22":0,"23":0,"24":0,"25":0,"26":0,"27":0,"28":0,"29":0,"30":0,"31":0,"32":0,"33":0,"34":0,"35":0,"36":0,"37":0,"38":0,"39":2,"40":0,"41":0,"42":0,"43":0,"44":0,"45":2,"46":0,"47":0,"48":0,"49":0,"50":0,"51":2,"52":0,"53":0,"54":2,"55":0,"56":0,"57":0,"58":0,"59":0,"60":4},"f":{"0":2,"1":0,"2":0,"3":0,"4":0,"5":0,"6":0,"7":0,"8":0,"9":0,"10":0,"11":0,"12":0,"13":0,"14":0,"15":0,"16":0,"17":0,"18":0},"b":{"0":[0,0],"1":[0,0],"2":[0,0],"3":[0,0],"4":[0,0],"5":[0,0,0],"6":[0,0],"7":[0,0],"8":[0,0],"9":[0,0],"10":[0,0],"11":[0,0],"12":[0,0],"13":[0,0],"14":[0,2],"15":[0,0],"16":[2,0],"17":[0,0],"18":[0,2],"19":[0,2],"20":[0,2],"21":[0,2]},"_coverageSchema":"1a1c01bbd47fc00a2c39e90264f33305004495a9","hash":"95431454726c4ee3e3d8f5f490b79ca726b1b346"}
,"D:\\studies\\BSc\\ElectronicOrganizer\\src\\components\\successful-overlay.js": {"path":"D:\\studies\\BSc\\ElectronicOrganizer\\src\\components\\successful-overlay.js","statementMap":{"0":{"start":{"line":8,"column":2},"end":{"line":13,"column":4}},"1":{"start":{"line":16,"column":15},"end":{"line":23,"column":2}}},"fnMap":{"0":{"name":"SuccessfulOverlay","decl":{"start":{"line":7,"column":24},"end":{"line":7,"column":41}},"loc":{"start":{"line":7,"column":44},"end":{"line":14,"column":1}},"line":7}},"branchMap":{},"s":{"0":1,"1":12},"f":{"0":1},"b":{},"_coverageSchema":"1a1c01bbd47fc00a2c39e90264f33305004495a9","hash":"1bda28284973a21b30dc4052560b987629adfc91"}
,"D:\\studies\\BSc\\ElectronicOrganizer\\src\\configs\\config.js": {"path":"D:\\studies\\BSc\\ElectronicOrganizer\\src\\configs\\config.js","statementMap":{"0":{"start":{"line":1,"column":22},"end":{"line":5,"column":1}}},"fnMap":{},"branchMap":{},"s":{"0":14},"f":{},"b":{},"_coverageSchema":"1a1c01bbd47fc00a2c39e90264f33305004495a9","hash":"0f7d2de3a2867bf263dcb304ad5d0c7ff38713ca"}
[...]
":{"line":120,"column":3}},"35":{"start":{"line":105,"column":4},"end":{"line":105,"column":40}},"36":{"start":{"line":106,"column":4},"end":{"line":119,"column":7}},"37":{"start":{"line":108,"column":8},"end":{"line":117,"column":15}},"38":{"start":{"line":112,"column":14},"end":{"line":112,"column":33}},"39":{"start":{"line":113,"column":14},"end":{"line":113,"column":42}},"40":{"start":{"line":121,"column":2},"end":{"line":145,"column":19}},"41":{"start":{"line":122,"column":4},"end":{"line":122,"column":32}},"42":{"start":{"line":123,"column":4},"end":{"line":125,"column":7}},"43":{"start":{"line":124,"column":6},"end":{"line":124,"column":33}},"44":{"start":{"line":126,"column":4},"end":{"line":136,"column":7}},"45":{"start":{"line":128,"column":8},"end":{"line":134,"column":10}},"46":{"start":{"line":131,"column":12},"end":{"line":131,"column":32}},"47":{"start":{"line":132,"column":12},"end":{"line":132,"column":39}},"48":{"start":{"line":137,"column":4},"end":{"line":137,"column":26}},"49":{"start":{"line":139,"column":24},"end":{"line":142,"column":6}},"50":{"start":{"line":140,"column":6},"end":{"line":140,"column":28}},"51":{"start":{"line":141,"column":6},"end":{"line":141,"column":55}},"52":{"start":{"line":144,"column":4},"end":{"line":144,"column":23}},"53":{"start":{"line":146,"column":2},"end":{"line":179,"column":4}},"54":{"start":{"line":182,"column":15},"end":{"line":222,"column":2}}},"fnMap":{"0":{"name":"Service","decl":{"start":{"line":23,"column":24},"end":{"line":23,"column":31}},"loc":{"start":{"line":23,"column":46},"end":{"line":180,"column":1}},"line":23},"1":{"name":"(anonymous_1)","decl":{"start":{"line":33,"column":28},"end":{"line":33,"column":29}},"loc":{"start":{"line":33,"column":36},"end":{"line":38,"column":3}},"line":33},"2":{"name":"(anonymous_2)","decl":{"start":{"line":40,"column":26},"end":{"line":40,"column":27}},"loc":{"start":{"line":40,"column":39},"end":{"line":43,"column":3}},"line":40},"3":{"name":"(anonymous_3)","decl":{"start":{"line":44,"column":21},"end":{"line":44,"column":22}},"loc":{"start":{"line":44,"column":27},"end":{"line":62,"column":3}},"line":44},"4":{"name":"(anonymous_4)","decl":{"start":{"line":45,"column":26},"end":{"line":45,"column":27}},"loc":{"start":{"line":45,"column":35},"end":{"line":61,"column":5}},"line":45},"5":{"name":"(anonymous_5)","decl":{"start":{"line":46,"column":28},"end":{"line":46,"column":29}},"loc":{"start":{"line":46,"column":36},"end":{"line":60,"column":7}},"line":46},"6":{"name":"(anonymous_6)","decl":{"start":{"line":55,"column":16},"end":{"line":55,"column":17}},"loc":{"start":{"line":55,"column":28},"end":{"line":57,"column":11}},"line":55},"7":{"name":"(anonymous_7)","decl":{"start":{"line":58,"column":17},"end":{"line":58,"column":18}},"loc":{"start":{"line":58,"column":26},"end":{"line":58,"column":28}},"line":58},"8":{"name":"(anonymous_8)","decl":{"start":{"line":59,"column":19},"end":{"line":59,"column":20}},"loc":{"start":{"line":59,"column":25},"end":{"line":59,"column":42}},"line":59},"9":{"name":"(anonymous_9)","decl":{"start":{"line":64,"column":28},"end":{"line":64,"column":29}},"loc":{"start":{"line":64,"column":34},"end":{"line":93,"column":3}},"line":64},"10":{"name":"(anonymous_10)","decl":{"start":{"line":67,"column":19},"end":{"line":67,"column":20}},"loc":{"start":{"line":68,"column":8},"end":{"line":90,"column":15}},"line":68},"11":{"name":"(anonymous_11)","decl":{"start":{"line":71,"column":21},"end":{"line":71,"column":22}},"loc":{"start":{"line":71,"column":27},"end":{"line":73,"column":13}},"line":71},"12":{"name":"(anonymous_12)","decl":{"start":{"line":78,"column":21},"end":{"line":78,"column":22}},"loc":{"start":{"line":78,"column":27},"end":{"line":80,"column":13}},"line":78},"13":{"name":"(anonymous_13)","decl":{"start":{"line":85,"column":21},"end":{"line":85,"column":22}},"loc":{"start":{"line":85,"column":27},"end":{"line":87,"column":13}},"line":85},"14":{"name":"(anonymous_14)","decl":{"start":{"line":104,"column":30},"end":{"line":104,"column":31}},"loc":{"start":{"line":104,"column":36},"end":{"line":120,"column":3}},"line":104},"15":{"name":"(anonymous_15)","decl":{"start":{"line":107,"column":19},"end":{"line":107,"column":20}},"loc":{"start":{"line":108,"column":8},"end":{"line":117,"column":15}},"line":108},"16":{"name":"(anonymous_16)","decl":{"start":{"line":111,"column":21},"end":{"line":111,"column":22}},"loc":{"start":{"line":111,"column":27},"end":{"line":114,"column":13}},"line":111},"17":{"name":"(anonymous_17)","decl":{"start":{"line":121,"column":12},"end":{"line":121,"column":13}},"loc":{"start":{"line":121,"column":18},"end":{"line":145,"column":3}},"line":121},"18":{"name":"(anonymous_18)","decl":{"start":{"line":123,"column":54},"end":{"line":123,"column":55}},"loc":{"start":{"line":123,"column":60},"end":{"line":125,"column":5}},"line":123},"19":{"name":"(anonymous_19)","decl":{"start":{"line":127,"column":18},"end":{"line":127,"column":19}},"loc":{"start":{"line":128,"column":8},"end":{"line":134,"column":10}},"line":128},"20":{"name":"(anonymous_20)","decl":{"start":{"line":130,"column":18},"end":{"line":130,"column":19}},"loc":{"start":{"line":130,"column":24},"end":{"line":133,"column":11}},"line":130},"21":{"name":"(anonymous_21)","decl":{"start":{"line":139,"column":55},"end":{"line":139,"column":56}},"loc":{"start":{"line":139,"column":61},"end":{"line":142,"column":5}},"line":139}},"branchMap":{"0":{"loc":{"start":{"line":34,"column":4},"end":{"line":34,"column":43}},"type":"if","locations":[{"start":{"line":34,"column":4},"end":{"line":34,"column":43}},{"start":{"line":34,"column":4},"end":{"line":34,"column":43}}],"line":34},"1":{"loc":{"start":{"line":35,"column":4},"end":{"line":35,"column":49}},"type":"if","locations":[{"start":{"line":35,"column":4},"end":{"line":35,"column":49}},{"start":{"line":35,"column":4},"end":{"line":35,"column":49}}],"line":35},"2":{"loc":{"start":{"line":36,"column":4},"end":{"line":36,"column":45}},"type":"if","locations":[{"start":{"line":36,"column":4},"end":{"line":36,"column":45}},{"start":{"line":36,"column":4},"end":{"line":36,"column":45}}],"line":36},"3":{"loc":{"start":{"line":141,"column":6},"end":{"line":141,"column":54}},"type":"cond-expr","locations":[{"start":{"line":141,"column":28},"end":{"line":141,"column":32}},{"start":{"line":141,"column":35},"end":{"line":141,"column":54}}],"line":141}},"s":{"0":1,"1":1,"2":1,"3":1,"4":1,"5":1,"6":1,"7":1,"8":0,"9":0,"10":0,"11":0,"12":0,"13":0,"14":0,"15":1,"16":0,"17":0,"18":1,"19":0,"20":0,"21":0,"22":0,"23":0,"24":1,"25":0,"26":0,"27":0,"28":0,"29":0,"30":0,"31":1,"32":1,"33":1,"34":1,"35":0,"36":0,"37":0,"38":0,"39":0,"40":1,"41":0,"42":0,"43":0,"44":0,"45":0,"46":0,"47":0,"48":0,"49":0,"50":0,"51":0,"52":0,"53":1,"54":3},"f":{"0":1,"1":0,"2":0,"3":0,"4":0,"5":0,"6":0,"7":0,"8":0,"9":0,"10":0,"11":0,"12":0,"13":0,"14":0,"15":0,"16":0,"17":0,"18":0,"19":0,"20":0,"21":0},"b":{"0":[0,0],"1":[0,0],"2":[0,0],"3":[0,0]},"_coverageSchema":"1a1c01bbd47fc00a2c39e90264f33305004495a9","hash":"fb00e471e61abfb4e4082b0935ce2bc1ae805905"}
,"D:\\studies\\BSc\\ElectronicOrganizer\\src\\scenes\\set-password-scene.js": {"path":"D:\\studies\\BSc\\ElectronicOrganizer\\src\\scenes\\set-password-scene.js","statementMap":{"0":{"start":{"line":21,"column":40},"end":{"line":21,"column":72}},"1":{"start":{"line":22,"column":34},"end":{"line":22,"column":66}},"2":{"start":{"line":23,"column":36},"end":{"line":23,"column":68}},"3":{"start":{"line":24,"column":28},"end":{"line":24,"column":43}},"4":{"start":{"line":26,"column":4},"end":{"line":26,"column":19}},"5":{"start":{"line":27,"column":25},"end":{"line":27,"column":42}},"6":{"start":{"line":28,"column":22},"end":{"line":28,"column":39}},"7":{"start":{"line":29,"column":23},"end":{"line":29,"column":40}},"8":{"start":{"line":30,"column":22},"end":{"line":87,"column":3}},"9":{"start":{"line":31,"column":29},"end":{"line":31,"column":68}},"10":{"start":{"line":32,"column":26},"end":{"line":32,"column":76}},"11":{"start":{"line":33,"column":25},"end":{"line":33,"column":74}},"12":{"start":{"line":34,"column":4},"end":{"line":47,"column":5}},"13":{"start":{"line":35,"column":6},"end":{"line":40,"column":7}},"14":{"start":{"line":36,"column":8},"end":{"line":36,"column":66}},"15":{"start":{"line":37,"column":8},"end":{"line":37,"column":57}},"16":{"start":{"line":38,"column":8},"end":{"line":38,"column":58}},"17":{"start":{"line":39,"column":8},"end":{"line":39,"column":15}},"18":{"start":{"line":42,"column":6},"end":{"line":46,"column":7}},"19":{"start":{"line":43,"column":8},"end":{"line":43,"column":57}},"20":{"start":{"line":44,"column":8},"end":{"line":44,"column":58}},"21":{"start":{"line":45,"column":8},"end":{"line":45,"column":15}},"22":{"start":{"line":48,"column":4},"end":{"line":86,"column":7}},"23":{"start":{"line":49,"column":6},"end":{"line":85,"column":9}},"24":{"start":{"line":50,"column":8},"end":{"line":84,"column":13}},"25":{"start":{"line":63,"column":12},"end":{"line":70,"column":13}},"26":{"start":{"line":64,"column":14},"end":{"line":64,"column":51}},"27":{"start":{"line":65,"column":14},"end":{"line":65,"column":28}},"28":{"start":{"line":66,"column":14},"end":{"line":69,"column":23}},"29":{"start":{"line":67,"column":16},"end":{"line":67,"column":36}},"30":{"start":{"line":68,"column":16},"end":{"line":68,"column":54}},"31":{"start":{"line":73,"column":12},"end":{"line":82,"column":13}},"32":{"start":{"line":74,"column":14},"end":{"line":74,"column":68}},"33":{"start":{"line":76,"column":14},"end":{"line":81,"column":15}},"34":{"start":{"line":77,"column":16},"end":{"line":80,"column":19}},"35":{"start":{"line":83,"column":12},"end":{"line":83,"column":19}},"36":{"start":{"line":88,"column":2},"end":{"line":110,"column":27}},"37":{"start":{"line":89,"column":4},"end":{"line":89,"column":32}},"38":{"start":{"line":90,"column":4},"end":{"line":92,"column":7}},"39":{"start":{"line":91,"column":6},"end":{"line":91,"column":33}},"40":{"start":{"line":93,"column":4},"end":{"line":103,"column":7}},"41":{"start":{"line":95,"column":8},"end":{"line":101,"column":10}},"42":{"start":{"line":98,"column":12},"end":{"line":98,"column":32}},"43":{"start":{"line":99,"column":12},"end":{"line":99,"column":39}},"44":{"start":{"line":104,"column":4},"end":{"line":109,"column":5}},"45":{"start":{"line":105,"column":26},"end":{"line":107,"column":8}},"46":{"start":{"line":106,"column":8},"end":{"line":106,"column":57}},"47":{"start":{"line":108,"column":6},"end":{"line":108,"column":25}},"48":{"start":{"line":111,"column":2},"end":{"line":199,"column":4}},"49":{"start":{"line":132,"column":36},"end":{"line":132,"column":76}},"50":{"start":{"line":138,"column":37},"end":{"line":138,"column":64}},"51":{"start":{"line":148,"column":34},"end":{"line":148,"column":71}},"52":{"start":{"line":154,"column":35},"end":{"line":154,"column":63}},"53":{"start":{"line":163,"column":34},"end":{"line":163,"column":72}},"54":{"start":{"line":191,"column":14},"end":{"line":191,"column":34}},"55":{"start":{"line":192,"column":14},"end":{"line":192,"column":41}},"56":{"start":{"line":201,"column":15},"end":{"line":266,"column":2}}},"fnMap":{"0":{"name":"SetPassword","decl":{"start":{"line":20,"column":24},"end":{"line":20,"column":35}},"loc":{"start":{"line":20,"column":57},"end":{"line":200,"column":1}},"line":20},"1":{"name":"(anonymous_1)","decl":{"start":{"line":30,"column":22},"end":{"line":30,"column":23}},"loc":{"start":{"line":30,"column":28},"end":{"line":87,"column":3}},"line":30},"2":{"name":"(anonymous_2)","decl":{"start":{"line":48,"column":26},"end":{"line":48,"column":27}},"loc":{"start":{"line":48,"column":35},"end":{"line":86,"column":5}},"line":48},"3":{"name":"(anonymous_3)","decl":{"start":{"line":49,"column":28},"end":{"line":49,"column":29}},"loc":{"start":{"line":49,"column":36},"end":{"line":85,"column":7}},"line":49},"4":{"name":"(anonymous_4)","decl":{"start":{"line":62,"column":16},"end":{"line":62,"column":17}},"loc":{"start":{"line":62,"column":28},"end":{"line":71,"column":11}},"line":62},"5":{"name":"(anonymous_5)","decl":{"start":{"line":66,"column":25},"end":{"line":66,"column":26}},"loc":{"start":{"line":66,"column":31},"end":{"line":69,"column":15}},"line":66},"6":{"name":"(anonymous_6)","decl":{"start":{"line":72,"column":17},"end":{"line":72,"column":18}},"loc":{"start":{"line":72,"column":26},"end":{"line":84,"column":11}},"line":72},"7":{"name":"(anonymous_7)","decl":{"start":{"line":88,"column":12},"end":{"line":88,"column":13}},"loc":{"start":{"line":88,"column":18},"end":{"line":110,"column":3}},"line":88},"8":{"name":"(anonymous_8)","decl":{"start":{"line":90,"column":54},"end":{"line":90,"column":55}},"loc":{"start":{"line":90,"column":60},"end":{"line":92,"column":5}},"line":90},"9":{"name":"(anonymous_9)","decl":{"start":{"line":94,"column":18},"end":{"line":94,"column":19}},"loc":{"start":{"line":95,"column":8},"end":{"line":101,"column":10}},"line":95},"10":{"name":"(anonymous_10)","decl":{"start":{"line":97,"column":18},"end":{"line":97,"column":19}},"loc":{"start":{"line":97,"column":24},"end":{"line":100,"column":11}},"line":97},"11":{"name":"(anonymous_11)","decl":{"start":{"line":105,"column":57},"end":{"line":105,"column":58}},"loc":{"start":{"line":105,"column":69},"end":{"line":107,"column":7}},"line":105},"12":{"name":"(anonymous_12)","decl":{"start":{"line":132,"column":28},"end":{"line":132,"column":29}},"loc":{"start":{"line":132,"column":36},"end":{"line":132,"column":76}},"line":132},"13":{"name":"(anonymous_13)","decl":{"start":{"line":138,"column":31},"end":{"line":138,"column":32}},"loc":{"start":{"line":138,"column":37},"end":{"line":138,"column":64}},"line":138},"14":{"name":"(anonymous_14)","decl":{"start":{"line":148,"column":26},"end":{"line":148,"column":27}},"loc":{"start":{"line":148,"column":34},"end":{"line":148,"column":71}},"line":148},"15":{"name":"(anonymous_15)","decl":{"start":{"line":154,"column":29},"end":{"line":154,"column":30}},"loc":{"start":{"line":154,"column":35},"end":{"line":154,"column":63}},"line":154},"16":{"name":"(anonymous_16)","decl":{"start":{"line":163,"column":26},"end":{"line":163,"column":27}},"loc":{"start":{"line":163,"column":34},"end":{"line":163,"column":72}},"line":163},"17":{"name":"(anonymous_17)","decl":{"start":{"line":190,"column":21},"end":{"line":190,"column":22}},"loc":{"start":{"line":190,"column":27},"end":{"line":193,"column":13}},"line":190}},"branchMap":{"0":{"loc":{"start":{"line":34,"column":4},"end":{"line":47,"column":5}},"type":"if","locations":[{"start":{"line":34,"column":4},"end":{"line":47,"column":5}},{"start":{"line":34,"column":4},"end":{"line":47,"column":5}}],"line":34},"1":{"loc":{"start":{"line":35,"column":6},"end":{"line":40,"column":7}},"type":"if","locations":[{"start":{"line":35,"column":6},"end":{"line":40,"column":7}},{"start":{"line":35,"column":6},"end":{"line":40,"column":7}}],"line":35},"2":{"loc":{"start":{"line":35,"column":10},"end":{"line":35,"column":59}},"type":"binary-expr","locations":[{"start":{"line":35,"column":10},"end":{"line":35,"column":26}},{"start":{"line":35,"column":30},"end":{"line":35,"column":43}},{"start":{"line":35,"column":47},"end":{"line":35,"column":59}}],"line":35},"3":{"loc":{"start":{"line":42,"column":6},"end":{"line":46,"column":7}},"type":"if","locations":[{"start":{"line":42,"column":6},"end":{"line":46,"column":7}},{"start":{"line":42,"column":6},"end":{"line":46,"column":7}}],"line":42},"4":{"loc":{"start":{"line":42,"column":10},"end":{"line":42,"column":39}},"type":"binary-expr","locations":[{"start":{"line":42,"column":10},"end":{"line":42,"column":23}},{"start":{"line":42,"column":27},"end":{"line":42,"column":39}}],"line":42},"5":{"loc":{"start":{"line":63,"column":12},"end":{"line":70,"column":13}},"type":"if","locations":[{"start":{"line":63,"column":12},"end":{"line":70,"column":13}},{"start":{"line":63,"column":12},"end":{"line":70,"column":13}}],"line":63},"6":{"loc":{"start":{"line":73,"column":12},"end":{"line":82,"column":13}},"type":"if","locations":[{"start":{"line":73,"column":12},"end":{"line":82,"column":13}},{"start":{"line":73,"column":12},"end":{"line":82,"column":13}}],"line":73},"7":{"loc":{"start":{"line":76,"column":14},"end":{"line":81,"column":15}},"type":"if","locations":[{"start":{"line":76,"column":14},"end":{"line":81,"column":15}},{"start":{"line":76,"column":14},"end":{"line":81,"column":15}}],"line":76},"8":{"loc":{"start":{"line":104,"column":4},"end":{"line":109,"column":5}},"type":"if","locations":[{"start":{"line":104,"column":4},"end":{"line":109,"column":5}},{"start":{"line":104,"column":4},"end":{"line":109,"column":5}}],"line":104},"9":{"loc":{"start":{"line":106,"column":8},"end":{"line":106,"column":56}},"type":"cond-expr","locations":[{"start":{"line":106,"column":30},"end":{"line":106,"column":34}},{"start":{"line":106,"column":37},"end":{"line":106,"column":56}}],"line":106},"10":{"loc":{"start":{"line":114,"column":9},"end":{"line":122,"column":9}},"type":"cond-expr","locations":[{"start":{"line":115,"column":10},"end":{"line":117,"column":17}},{"start":{"line":119,"column":10},"end":{"line":121,"column":17}}],"line":114},"11":{"loc":{"start":{"line":124,"column":11},"end":{"line":140,"column":18}},"type":"cond-expr","locations":[{"start":{"line":125,"column":12},"end":{"line":139,"column":14}},{"start":{"line":140,"column":14},"end":{"line":140,"column":18}}],"line":124},"12":{"loc":{"start":{"line":197,"column":7},"end":{"line":197,"column":64}},"type":"cond-expr","locations":[{"start":{"line":197,"column":36},"end":{"line":197,"column":57}},{"start":{"line":197,"column":60},"end":{"line":197,"column":64}}],"line":197}},"s":{"0":1,"1":1,"2":1,"3":1,"4":1,"5":1,"6":1,"7":1,"8":1,"9":0,"10":0,"11":0,"12":0,"13":0,"14":0,"15":0,"16":0,"17":0,"18":0,"19":0,"20":0,"21":0,"22":0,"23":0,"24":0,"25":0,"26":0,"27":0,"28":0,"29":0,"30":0,"31":0,"32":0,"33":0,"34":0,"35":0,"36":1,"37":0,"38":0,"39":0,"40":0,"41":0,"42":0,"43":0,"44":0,"45":0,"46":0,"47":0,"48":1,"49":0,"50":0,"51":0,"52":0,"53":0,"54":0,"55":0,"56":3},"f":{"0":1,"1":0,"2":0,"3":0,"4":0,"5":0,"6":0,"7":0,"8":0,"9":0,"10":0,"11":0,"12":0,"13":0,"14":0,"15":0,"16":0,"17":0},"b":{"0":[0,0],"1":[0,0],"2":[0,0,0],"3":[0,0],"4":[0,0],"5":[0,0],"6":[0,0],"7":[0,0],"8":[0,0],"9":[0,0],"10":[0,1],"11":[0,1],"12":[0,1]},"_coverageSchema":"1a1c01bbd47fc00a2c39e90264f33305004495a9","hash":"5a8c79909a0a137c4922e568ef91068e1c05111f"}
,"D:\\studies\\BSc\\ElectronicOrganizer\\src\\scenes\\start-scene.js": {"path":"D:\\studies\\BSc\\ElectronicOrganizer\\src\\scenes\\start-scene.js","statementMap":{"0":{"start":{"line":9,"column":2},"end":{"line":39,"column":4}},"1":{"start":{"line":26,"column":23},"end":{"line":26,"column":56}},"2":{"start":{"line":37,"column":23},"end":{"line":37,"column":59}}},"fnMap":{"0":{"name":"StartScene","decl":{"start":{"line":8,"column":24},"end":{"line":8,"column":34}},"loc":{"start":{"line":8,"column":49},"end":{"line":40,"column":1}},"line":8},"1":{"name":"(anonymous_1)","decl":{"start":{"line":26,"column":17},"end":{"line":26,"column":18}},"loc":{"start":{"line":26,"column":23},"end":{"line":26,"column":56}},"line":26},"2":{"name":"(anonymous_2)","decl":{"start":{"line":37,"column":17},"end":{"line":37,"column":18}},"loc":{"start":{"line":37,"column":23},"end":{"line":37,"column":59}},"line":37}},"branchMap":{},"s":{"0":1,"1":0,"2":0},"f":{"0":1,"1":0,"2":0},"b":{},"_coverageSchema":"1a1c01bbd47fc00a2c39e90264f33305004495a9","hash":"256e03947419a4bcdc00ae63554cd6ab6fcf695c"}
,"D:\\studies\\BSc\\ElectronicOrganizer\\src\\themes\\theme.js": {"path":"D:\\studies\\BSc\\ElectronicOrganizer\\src\\themes\\theme.js","statementMap":{"0":{"start":{"line":1,"column":21},"end":{"line":18,"column":1}}},"fnMap":{},"branchMap":{},"s":{"0":18},"f":{},"b":{},"_coverageSchema":"1a1c01bbd47fc00a2c39e90264f33305004495a9","hash":"5a0020ff868dbc168c46bbb8424fc5c73190b568"}
}
