TN:
SF:src\App.js
FN:4,App
FN:6,(anonymous_1)
FN:7,(anonymous_2)
FNF:3
FNH:1
FNDA:1,App
FNDA:0,(anonymous_1)
FNDA:0,(anonymous_2)
DA:5,1
DA:6,1
DA:7,0
DA:9,1
LF:4
LH:3
BRDA:9,0,0,0
BRDA:9,0,1,1
BRF:2
BRH:1
end_of_record
TN:
SF:src\components\back-button.js
FN:5,BackButton
FNF:1
FNH:1
FNDA:2,BackButton
DA:6,2
DA:17,8
LF:2
LH:2
BRF:0
BRH:0
end_of_record
TN:
SF:src\components\background.js
FN:9,Background
FNF:1
FNH:1
FNDA:11,Background
DA:10,11
DA:30,13
LF:2
LH:2
BRDA:14,0,0,9
BRDA:14,0,1,2
BRF:2
BRH:2
end_of_record
TN:
SF:src\components\button.js
FN:5,Button
FNF:1
FNH:1
FNDA:26,Button
DA:6,26
DA:15,13
LF:2
LH:2
BRF:0
BRH:0
end_of_record
TN:
SF:src\components\drawer.js
FN:17,DrawerContent
FN:22,(anonymous_1)
FN:26,(anonymous_2)
FN:33,(anonymous_3)
FN:44,(anonymous_4)
FN:76,(anonymous_5)
FN:82,(anonymous_6)
FN:88,(anonymous_7)
FN:95,(anonymous_8)
FN:100,(anonymous_9)
FN:107,(anonymous_10)
FN:112,(anonymous_11)
FN:119,(anonymous_12)
FN:128,(anonymous_13)
FN:147,(anonymous_14)
FN:157,(anonymous_15)
FNF:16
FNH:0
FNDA:0,DrawerContent
FNDA:0,(anonymous_1)
FNDA:0,(anonymous_2)
FNDA:0,(anonymous_3)
FNDA:0,(anonymous_4)
FNDA:0,(anonymous_5)
FNDA:0,(anonymous_6)
FNDA:0,(anonymous_7)
FNDA:0,(anonymous_8)
FNDA:0,(anonymous_9)
FNDA:0,(anonymous_10)
FNDA:0,(anonymous_11)
FNDA:0,(anonymous_12)
FNDA:0,(anonymous_13)
FNDA:0,(anonymous_14)
FNDA:0,(anonymous_15)
DA:18,0
DA:19,0
DA:20,0
DA:21,0
DA:22,0
DA:23,0
DA:26,0
DA:27,0
DA:28,0
DA:29,0
DA:30,0
DA:31,0
DA:33,0
DA:34,0
DA:35,0
DA:38,0
DA:42,0
DA:44,0
DA:48,0
DA:52,0
DA:77,0
DA:83,0
DA:89,0
DA:96,0
DA:101,0
DA:108,0
DA:113,0
DA:120,0
DA:129,0
DA:147,0
DA:157,0
DA:166,2
LF:32
LH:1
BRDA:21,0,0,0
BRDA:21,0,1,0
BRDA:28,1,0,0
BRDA:28,1,1,0
BRDA:34,2,0,0
BRDA:34,2,1,0
BRDA:58,3,0,0
BRDA:58,3,1,0
BRDA:67,4,0,0
BRDA:67,4,1,0
BRF:10
BRH:0
end_of_record
TN:
SF:src\components\empty-date.js
FN:5,EmptyDate
FNF:1
FNH:1
FNDA:11,EmptyDate
DA:6,11
LF:1
LH:1
BRF:0
BRH:0
end_of_record
TN:
SF:src\components\event-form.js
FN:27,EventForm
FN:51,(anonymous_1)
FN:56,(anonymous_2)
FN:59,(anonymous_3)
FN:60,(anonymous_4)
FN:61,(anonymous_5)
FN:77,(anonymous_6)
FN:82,(anonymous_7)
FN:89,(anonymous_8)
FN:150,(anonymous_9)
FN:153,(anonymous_10)
FN:156,(anonymous_11)
FN:169,(anonymous_12)
FN:180,(anonymous_13)
FN:191,(anonymous_14)
FN:192,(anonymous_15)
FN:206,(anonymous_16)
FN:211,(anonymous_17)
FN:231,(anonymous_18)
FN:236,(anonymous_19)
FN:245,(anonymous_20)
FN:250,(anonymous_21)
FN:260,(anonymous_22)
FN:283,(anonymous_23)
FN:292,(anonymous_24)
FN:295,(anonymous_25)
FN:300,(anonymous_26)
FN:311,(anonymous_27)
FN:315,(anonymous_28)
FN:385,(anonymous_29)
FN:393,(anonymous_30)
FN:436,(anonymous_31)
FN:491,(anonymous_32)
FNF:33
FNH:3
FNDA:5,EventForm
FNDA:1,(anonymous_1)
FNDA:0,(anonymous_2)
FNDA:0,(anonymous_3)
FNDA:0,(anonymous_4)
FNDA:0,(anonymous_5)
FNDA:0,(anonymous_6)
FNDA:0,(anonymous_7)
FNDA:1,(anonymous_8)
FNDA:0,(anonymous_9)
FNDA:0,(anonymous_10)
FNDA:0,(anonymous_11)
FNDA:0,(anonymous_12)
FNDA:0,(anonymous_13)
FNDA:0,(anonymous_14)
FNDA:0,(anonymous_15)
FNDA:0,(anonymous_16)
FNDA:0,(anonymous_17)
FNDA:0,(anonymous_18)
FNDA:0,(anonymous_19)
FNDA:0,(anonymous_20)
FNDA:0,(anonymous_21)
FNDA:0,(anonymous_22)
FNDA:0,(anonymous_23)
FNDA:0,(anonymous_24)
FNDA:0,(anonymous_25)
FNDA:0,(anonymous_26)
FNDA:0,(anonymous_27)
FNDA:0,(anonymous_28)
FNDA:0,(anonymous_29)
FNDA:0,(anonymous_30)
FNDA:0,(anonymous_31)
FNDA:0,(anonymous_32)
DA:38,5
DA:42,5
DA:43,5
DA:44,5
DA:45,5
DA:46,5
DA:47,5
DA:48,5
DA:49,5
DA:50,5
DA:51,5
DA:52,1
DA:53,1
DA:56,5
DA:57,0
DA:59,5
DA:60,0
DA:61,0
DA:62,0
DA:78,0
DA:79,0
DA:83,0
DA:89,5
DA:90,1
DA:91,0
DA:92,0
DA:99,0
DA:103,0
DA:111,0
DA:118,0
DA:122,0
DA:131,1
DA:135,1
DA:136,1
DA:144,5
DA:146,5
DA:149,5
DA:150,5
DA:151,0
DA:153,5
DA:154,0
DA:156,5
DA:157,0
DA:158,0
DA:165,0
DA:166,0
DA:169,5
DA:170,0
DA:171,0
DA:180,5
DA:181,0
DA:182,0
DA:183,0
DA:185,0
DA:186,0
DA:187,0
DA:188,0
DA:189,0
DA:191,0
DA:192,0
DA:193,0
DA:194,0
DA:207,0
DA:208,0
DA:212,0
DA:215,0
DA:216,0
DA:232,0
DA:233,0
DA:237,0
DA:240,0
DA:241,0
DA:246,0
DA:247,0
DA:251,0
DA:252,0
DA:255,0
DA:256,0
DA:261,0
DA:269,0
DA:270,0
DA:272,0
DA:273,0
DA:274,0
DA:276,0
DA:278,0
DA:279,0
DA:281,0
DA:282,0
DA:283,0
DA:285,0
DA:286,0
DA:292,5
DA:293,0
DA:294,0
DA:295,0
DA:296,0
DA:297,0
DA:300,5
DA:301,0
DA:302,0
DA:304,0
DA:305,0
DA:308,0
DA:311,5
DA:312,0
DA:313,0
DA:315,5
DA:316,0
DA:317,0
DA:318,0
DA:320,0
DA:322,0
DA:327,0
DA:329,5
DA:386,0
DA:393,0
DA:436,0
DA:492,0
DA:493,0
DA:504,5
LF:121
LH:34
BRDA:52,0,0,0
BRDA:52,0,1,1
BRDA:69,1,0,0
BRDA:69,1,1,0
BRDA:69,2,0,0
BRDA:69,2,1,0
BRDA:71,3,0,0
BRDA:71,3,1,0
BRDA:78,4,0,0
BRDA:78,4,1,0
BRDA:90,5,0,0
BRDA:90,5,1,1
BRDA:90,6,0,1
BRDA:90,6,1,0
BRDA:91,7,0,0
BRDA:91,7,1,0
BRDA:91,8,0,0
BRDA:91,8,1,0
BRDA:119,9,0,0
BRDA:119,9,1,0
BRDA:185,10,0,0
BRDA:185,10,1,0
BRDA:185,11,0,0
BRDA:185,11,1,0
BRDA:185,11,2,0
BRDA:193,12,0,0
BRDA:193,12,1,0
BRDA:207,13,0,0
BRDA:207,13,1,0
BRDA:215,14,0,0
BRDA:215,14,1,0
BRDA:232,15,0,0
BRDA:232,15,1,0
BRDA:240,16,0,0
BRDA:240,16,1,0
BRDA:246,17,0,0
BRDA:246,17,1,0
BRDA:255,18,0,0
BRDA:255,18,1,0
BRDA:272,19,0,0
BRDA:272,19,1,0
BRDA:281,20,0,0
BRDA:281,20,1,0
BRDA:297,21,0,0
BRDA:297,21,1,0
BRDA:301,22,0,0
BRDA:301,22,1,0
BRDA:304,23,0,0
BRDA:304,23,1,0
BRDA:317,24,0,0
BRDA:317,24,1,0
BRDA:322,25,0,0
BRDA:322,25,1,0
BRDA:323,26,0,0
BRDA:323,26,1,0
BRDA:323,26,2,0
BRDA:339,27,0,5
BRDA:339,27,1,0
BRDA:339,28,0,5
BRDA:339,28,1,1
BRDA:341,29,0,0
BRDA:341,29,1,0
BRDA:341,30,0,0
BRDA:341,30,1,0
BRDA:354,31,0,5
BRDA:354,31,1,0
BRDA:354,32,0,5
BRDA:354,32,1,1
BRDA:356,33,0,0
BRDA:356,33,1,0
BRDA:356,34,0,0
BRDA:356,34,1,0
BRDA:361,35,0,5
BRDA:361,35,1,0
BRDA:361,36,0,5
BRDA:361,36,1,1
BRDA:363,37,0,0
BRDA:363,37,1,0
BRDA:365,38,0,0
BRDA:365,38,1,0
BRDA:378,39,0,0
BRDA:378,39,1,5
BRDA:405,40,0,0
BRDA:405,40,1,5
BRDA:415,41,0,0
BRDA:415,41,1,5
BRDA:447,42,0,0
BRDA:447,42,1,5
BRDA:450,43,0,0
BRDA:450,43,1,5
BRDA:461,44,0,0
BRDA:461,44,1,5
BRDA:499,45,0,0
BRDA:499,45,1,5
BRF:94
BRH:19
end_of_record
TN:
SF:src\components\image-picker-overlay.js
FN:19,ImagePickerOverlay
FN:24,(anonymous_1)
FN:31,(anonymous_2)
FN:35,(anonymous_3)
FN:45,(anonymous_4)
FN:52,(anonymous_5)
FN:56,(anonymous_6)
FNF:7
FNH:1
FNDA:1,ImagePickerOverlay
FNDA:0,(anonymous_1)
FNDA:0,(anonymous_2)
FNDA:0,(anonymous_3)
FNDA:0,(anonymous_4)
FNDA:0,(anonymous_5)
FNDA:0,(anonymous_6)
DA:24,1
DA:25,0
DA:32,0
DA:33,0
DA:36,0
DA:37,0
DA:38,0
DA:45,1
DA:46,0
DA:53,0
DA:54,0
DA:57,0
DA:58,0
DA:59,0
DA:66,1
DA:122,4
LF:16
LH:4
BRDA:36,0,0,0
BRDA:36,0,1,0
BRDA:57,1,0,0
BRDA:57,1,1,0
BRF:4
BRH:0
end_of_record
TN:
SF:src\components\input-text.js
FN:5,(anonymous_0)
FN:7,(anonymous_1)
FN:12,(anonymous_2)
FN:65,(anonymous_3)
FN:66,(anonymous_4)
FNF:5
FNH:1
FNDA:33,(anonymous_0)
FNDA:0,(anonymous_1)
FNDA:0,(anonymous_2)
FNDA:0,(anonymous_3)
FNDA:0,(anonymous_4)
DA:5,11
DA:6,33
DA:7,33
DA:8,0
DA:9,0
DA:12,33
DA:13,0
DA:14,0
DA:17,33
DA:23,33
DA:24,33
DA:29,33
DA:31,33
DA:38,33
DA:43,33
DA:48,33
DA:64,11
DA:65,0
DA:66,0
LF:19
LH:13
BRDA:19,0,0,0
BRDA:19,0,1,33
BRDA:23,1,0,0
BRDA:23,1,1,33
BRDA:33,2,0,0
BRDA:33,2,1,33
BRDA:40,3,0,0
BRDA:40,3,1,33
BRDA:45,4,0,0
BRDA:45,4,1,33
BRF:10
BRH:5
end_of_record
TN:
SF:src\components\logo.js
FN:4,Logo
FNF:1
FNH:1
FNDA:4,Logo
DA:5,4
DA:10,6
LF:2
LH:2
BRF:0
BRH:0
end_of_record
TN:
SF:src\components\render-item.js
FN:5,RenderItem
FN:11,(anonymous_1)
FN:20,(anonymous_2)
FNF:3
FNH:0
FNDA:0,RenderItem
FNDA:0,(anonymous_1)
FNDA:0,(anonymous_2)
DA:11,0
DA:12,0
DA:14,0
DA:15,0
DA:16,0
DA:21,0
DA:39,3
LF:7
LH:1
BRDA:18,0,0,0
BRDA:18,0,1,0
BRDA:33,1,0,0
BRDA:33,1,1,0
BRF:4
BRH:0
end_of_record
TN:
SF:src\components\render-recognized-events.js
FN:18,RenderRecognizedEvents
FN:27,(anonymous_1)
FN:30,(anonymous_2)
FN:34,(anonymous_3)
FN:35,(anonymous_4)
FN:47,(anonymous_5)
FN:80,(anonymous_6)
FN:87,(anonymous_7)
FNF:8
FNH:4
FNDA:1,RenderRecognizedEvents
FNDA:0,(anonymous_1)
FNDA:0,(anonymous_2)
FNDA:0,(anonymous_3)
FNDA:3,(anonymous_4)
FNDA:0,(anonymous_5)
FNDA:3,(anonymous_6)
FNDA:3,(anonymous_7)
DA:25,1
DA:26,1
DA:27,1
DA:28,0
DA:30,1
DA:31,0
DA:32,0
DA:34,1
DA:35,1
DA:36,3
DA:48,0
DA:49,0
DA:80,3
DA:82,1
DA:87,3
DA:93,3
LF:16
LH:11
BRDA:41,0,0,0
BRDA:41,0,1,3
BRDA:41,1,0,3
BRDA:41,1,1,0
BRF:4
BRH:2
end_of_record
TN:
SF:src\components\render-service.js
FN:18,RenderService
FN:28,(anonymous_1)
FN:31,(anonymous_2)
FN:37,(anonymous_3)
FN:40,(anonymous_4)
FN:52,(anonymous_5)
FN:88,(anonymous_6)
FN:98,(anonymous_7)
FNF:8
FNH:1
FNDA:2,RenderService
FNDA:0,(anonymous_1)
FNDA:0,(anonymous_2)
FNDA:0,(anonymous_3)
FNDA:0,(anonymous_4)
FNDA:0,(anonymous_5)
FNDA:0,(anonymous_6)
FNDA:0,(anonymous_7)
DA:26,2
DA:27,2
DA:28,2
DA:29,0
DA:31,2
DA:32,0
DA:33,0
DA:37,2
DA:38,0
DA:40,2
DA:41,0
DA:53,0
DA:54,0
DA:88,2
DA:90,2
DA:98,0
DA:105,4
LF:17
LH:9
BRDA:46,0,0,0
BRDA:46,0,1,0
BRDA:46,1,0,0
BRDA:46,1,1,0
BRDA:92,2,0,1
BRDA:92,2,1,1
BRF:6
BRH:2
end_of_record
TN:
SF:src\components\search-services.js
FN:17,SearchServices
FN:30,(anonymous_1)
FN:31,(anonymous_2)
FN:32,(anonymous_3)
FN:41,(anonymous_4)
FN:45,(anonymous_5)
FN:49,(anonymous_6)
FN:53,(anonymous_7)
FN:55,(anonymous_8)
FN:70,(anonymous_9)
FN:83,(anonymous_10)
FN:95,(anonymous_11)
FN:99,(anonymous_12)
FN:107,(anonymous_13)
FN:109,(anonymous_14)
FNF:15
FNH:5
FNDA:5,SearchServices
FNDA:1,(anonymous_1)
FNDA:1,(anonymous_2)
FNDA:1,(anonymous_3)
FNDA:0,(anonymous_4)
FNDA:0,(anonymous_5)
FNDA:1,(anonymous_6)
FNDA:0,(anonymous_7)
FNDA:0,(anonymous_8)
FNDA:0,(anonymous_9)
FNDA:0,(anonymous_10)
FNDA:0,(anonymous_11)
FNDA:0,(anonymous_12)
FNDA:0,(anonymous_13)
FNDA:0,(anonymous_14)
DA:25,5
DA:26,5
DA:27,5
DA:28,5
DA:30,5
DA:31,1
DA:32,1
DA:33,1
DA:42,0
DA:43,0
DA:49,5
DA:50,1
DA:51,1
DA:53,5
DA:54,0
DA:55,0
DA:56,0
DA:59,0
DA:60,0
DA:62,0
DA:63,0
DA:65,0
DA:66,0
DA:70,5
DA:71,0
DA:72,0
DA:75,5
DA:84,0
DA:85,0
DA:96,0
DA:97,0
DA:100,0
DA:101,0
DA:102,0
DA:108,0
DA:110,0
DA:123,5
LF:37
LH:15
BRDA:54,0,0,0
BRDA:54,0,1,0
BRDA:56,1,0,0
BRDA:56,1,1,0
BRDA:105,2,0,0
BRDA:105,2,1,5
BRF:6
BRH:1
end_of_record
TN:
SF:src\components\service-form.js
FN:28,ServiceForm
FN:45,(anonymous_1)
FN:68,(anonymous_2)
FN:80,(anonymous_3)
FN:81,(anonymous_4)
FN:94,(anonymous_5)
FN:99,(anonymous_6)
FN:118,(anonymous_7)
FN:123,(anonymous_8)
FN:132,(anonymous_9)
FN:137,(anonymous_10)
FN:145,(anonymous_11)
FN:148,(anonymous_12)
FN:153,(anonymous_13)
FN:163,(anonymous_14)
FN:200,(anonymous_15)
FN:222,(anonymous_16)
FN:240,(anonymous_17)
FN:269,(anonymous_18)
FNF:19
FNH:1
FNDA:2,ServiceForm
FNDA:0,(anonymous_1)
FNDA:0,(anonymous_2)
FNDA:0,(anonymous_3)
FNDA:0,(anonymous_4)
FNDA:0,(anonymous_5)
FNDA:0,(anonymous_6)
FNDA:0,(anonymous_7)
FNDA:0,(anonymous_8)
FNDA:0,(anonymous_9)
FNDA:0,(anonymous_10)
FNDA:0,(anonymous_11)
FNDA:0,(anonymous_12)
FNDA:0,(anonymous_13)
FNDA:0,(anonymous_14)
FNDA:0,(anonymous_15)
FNDA:0,(anonymous_16)
FNDA:0,(anonymous_17)
FNDA:0,(anonymous_18)
DA:36,2
DA:37,2
DA:41,2
DA:43,2
DA:45,2
DA:46,0
DA:47,0
DA:48,0
DA:55,0
DA:60,0
DA:61,0
DA:65,0
DA:68,2
DA:69,0
DA:70,0
DA:71,0
DA:72,0
DA:73,0
DA:74,0
DA:75,0
DA:76,0
DA:77,0
DA:80,0
DA:81,0
DA:82,0
DA:83,0
DA:95,0
DA:96,0
DA:100,0
DA:103,0
DA:104,0
DA:119,0
DA:120,0
DA:124,0
DA:127,0
DA:128,0
DA:133,0
DA:134,0
DA:138,0
DA:145,2
DA:146,0
DA:147,0
DA:148,0
DA:149,0
DA:150,0
DA:153,2
DA:154,0
DA:155,0
DA:157,0
DA:158,0
DA:161,0
DA:163,2
DA:164,0
DA:165,0
DA:168,2
DA:200,0
DA:222,0
DA:240,0
DA:270,0
DA:271,0
DA:281,4
LF:61
LH:11
BRDA:46,0,0,0
BRDA:46,0,1,0
BRDA:50,1,0,0
BRDA:50,1,1,0
BRDA:56,2,0,0
BRDA:56,2,1,0
BRDA:72,3,0,0
BRDA:72,3,1,0
BRDA:73,4,0,0
BRDA:73,4,1,0
BRDA:73,5,0,0
BRDA:73,5,1,0
BRDA:73,5,2,0
BRDA:82,6,0,0
BRDA:82,6,1,0
BRDA:95,7,0,0
BRDA:95,7,1,0
BRDA:103,8,0,0
BRDA:103,8,1,0
BRDA:119,9,0,0
BRDA:119,9,1,0
BRDA:127,10,0,0
BRDA:127,10,1,0
BRDA:133,11,0,0
BRDA:133,11,1,0
BRDA:154,12,0,0
BRDA:154,12,1,0
BRDA:157,13,0,0
BRDA:157,13,1,0
BRDA:174,14,0,0
BRDA:174,14,1,2
BRDA:176,15,0,0
BRDA:176,15,1,0
BRDA:191,16,0,2
BRDA:191,16,1,0
BRDA:193,17,0,0
BRDA:193,17,1,0
BRDA:209,18,0,0
BRDA:209,18,1,2
BRDA:231,19,0,0
BRDA:231,19,1,2
BRDA:249,20,0,0
BRDA:249,20,1,2
BRDA:276,21,0,0
BRDA:276,21,1,2
BRF:45
BRH:6
end_of_record
TN:
SF:src\components\successful-overlay.js
FN:7,SuccessfulOverlay
FNF:1
FNH:1
FNDA:1,SuccessfulOverlay
DA:8,1
DA:16,12
LF:2
LH:2
BRF:0
BRH:0
end_of_record
TN:
SF:src\configs\config.js
FNF:0
FNH:0
DA:1,14
LF:1
LH:1
BRF:0
BRH:0
end_of_record
TN:
SF:src\helpers\date-validator.js
FN:3,StartTimeValidator
FN:24,EndTimeValidator
FNF:2
FNH:2
FNDA:8,StartTimeValidator
FNDA:7,EndTimeValidator
DA:1,6
DA:2,6
DA:4,8
DA:5,7
DA:6,7
DA:7,6
DA:8,2
DA:9,4
DA:10,2
DA:12,2
DA:14,2
DA:16,2
DA:17,2
DA:21,2
DA:25,7
DA:26,6
DA:27,6
DA:28,6
DA:29,5
DA:30,5
DA:31,2
DA:33,3
DA:35,3
DA:37,3
DA:38,2
DA:42,1
LF:26
LH:26
BRDA:4,0,0,1
BRDA:4,0,1,7
BRDA:6,1,0,1
BRDA:6,1,1,6
BRDA:7,2,0,2
BRDA:7,2,1,4
BRDA:7,3,0,6
BRDA:7,3,1,5
BRDA:9,4,0,2
BRDA:9,4,1,2
BRDA:16,5,0,2
BRDA:16,5,1,0
BRDA:25,6,0,1
BRDA:25,6,1,6
BRDA:27,7,0,6
BRDA:27,7,1,0
BRDA:27,8,0,6
BRDA:27,8,1,6
BRDA:28,9,0,1
BRDA:28,9,1,5
BRDA:30,10,0,2
BRDA:30,10,1,3
BRDA:30,11,0,5
BRDA:30,11,1,4
BRDA:37,12,0,2
BRDA:37,12,1,1
BRF:26
BRH:24
end_of_record
TN:
SF:src\helpers\email-validator.js
FN:1,EmailValidator
FNF:1
FNH:1
FNDA:2,EmailValidator
DA:2,2
DA:3,2
DA:4,2
DA:5,1
LF:4
LH:4
BRDA:3,0,0,0
BRDA:3,0,1,2
BRDA:4,1,0,1
BRDA:4,1,1,1
BRF:4
BRH:3
end_of_record
TN:
SF:src\helpers\event-validator.js
FN:1,EventValidator
FNF:1
FNH:1
FNDA:2,EventValidator
DA:2,2
DA:3,1
LF:2
LH:2
BRDA:2,0,0,1
BRDA:2,0,1,1
BRF:2
BRH:2
end_of_record
TN:
SF:src\helpers\get-items.js
FNF:0
FNH:0
LF:0
LH:0
BRF:0
BRH:0
end_of_record
TN:
SF:src\helpers\password-validator.js
FN:1,PasswordValidator
FN:11,ConfirmValidator
FN:18,OldPasswordValidator
FNF:3
FNH:3
FNDA:5,PasswordValidator
FNDA:3,ConfirmValidator
FNDA:1,OldPasswordValidator
DA:2,5
DA:3,4
DA:4,1
DA:5,3
DA:6,2
DA:8,2
DA:12,3
DA:13,3
DA:14,2
DA:16,1
DA:19,1
DA:20,1
DA:21,0
LF:13
LH:12
BRDA:2,0,0,1
BRDA:2,0,1,4
BRDA:3,1,0,1
BRDA:3,1,1,3
BRDA:5,2,0,2
BRDA:5,2,1,1
BRDA:6,3,0,1
BRDA:6,3,1,1
BRDA:6,4,0,2
BRDA:6,4,1,1
BRDA:12,5,0,3
BRDA:12,5,1,0
BRDA:13,6,0,1
BRDA:13,6,1,2
BRDA:14,7,0,1
BRDA:14,7,1,1
BRDA:14,8,0,2
BRDA:14,8,1,1
BRDA:19,9,0,1
BRDA:19,9,1,0
BRF:20
BRH:18
end_of_record
TN:
SF:src\helpers\service-validator.js
FN:1,TitleValidator
FN:6,TimeValidator
FN:13,CodeValidator
FNF:3
FNH:3
FNDA:2,TitleValidator
FNDA:5,TimeValidator
FNDA:3,CodeValidator
DA:2,2
DA:3,1
DA:7,5
DA:8,4
DA:9,2
DA:10,1
DA:14,3
DA:15,2
DA:16,1
LF:9
LH:9
BRDA:2,0,0,1
BRDA:2,0,1,1
BRDA:7,1,0,1
BRDA:7,1,1,4
BRDA:8,2,0,2
BRDA:8,2,1,2
BRDA:8,3,0,4
BRDA:8,3,1,3
BRDA:9,4,0,1
BRDA:9,4,1,1
BRDA:14,5,0,1
BRDA:14,5,1,2
BRDA:15,6,0,1
BRDA:15,6,1,1
BRF:14
BRH:14
end_of_record
TN:
SF:src\helpers\store-data.js
FN:3,StoreData
FN:11,GetData
FN:18,RemoveData
FNF:3
FNH:1
FNDA:0,StoreData
FNDA:4,GetData
FNDA:0,RemoveData
DA:4,0
DA:6,0
DA:12,4
DA:13,4
DA:14,4
DA:19,0
DA:20,0
LF:7
LH:3
BRF:0
BRH:0
end_of_record
TN:
SF:src\scenes\about-scene.js
FN:8,About
FNF:1
FNH:1
FNDA:1,About
DA:9,1
DA:22,3
LF:2
LH:2
BRF:0
BRH:0
end_of_record
TN:
SF:src\scenes\calendar-scene.js
FN:32,Calendar
FN:50,(anonymous_1)
FN:56,(anonymous_2)
FN:61,(anonymous_3)
FN:65,(anonymous_4)
FN:67,(anonymous_5)
FN:71,(anonymous_6)
FN:76,(anonymous_7)
FN:81,(anonymous_8)
FN:89,(anonymous_9)
FN:92,(anonymous_10)
FN:96,(anonymous_11)
FN:107,(anonymous_12)
FN:130,(anonymous_13)
FN:136,(anonymous_14)
FN:137,(anonymous_15)
FN:138,(anonymous_16)
FN:147,(anonymous_17)
FN:150,(anonymous_18)
FN:151,(anonymous_19)
FN:157,(anonymous_20)
FN:161,(anonymous_21)
FN:166,(anonymous_22)
FN:170,(anonymous_23)
FN:188,(anonymous_24)
FN:207,(anonymous_25)
FN:211,(anonymous_26)
FNF:27
FNH:9
FNDA:3,Calendar
FNDA:0,(anonymous_1)
FNDA:91,(anonymous_2)
FNDA:0,(anonymous_3)
FNDA:0,(anonymous_4)
FNDA:0,(anonymous_5)
FNDA:0,(anonymous_6)
FNDA:0,(anonymous_7)
FNDA:0,(anonymous_8)
FNDA:2,(anonymous_9)
FNDA:0,(anonymous_10)
FNDA:0,(anonymous_11)
FNDA:1,(anonymous_12)
FNDA:91,(anonymous_13)
FNDA:1,(anonymous_14)
FNDA:1,(anonymous_15)
FNDA:1,(anonymous_16)
FNDA:0,(anonymous_17)
FNDA:0,(anonymous_18)
FNDA:0,(anonymous_19)
FNDA:0,(anonymous_20)
FNDA:2,(anonymous_21)
FNDA:0,(anonymous_22)
FNDA:0,(anonymous_23)
FNDA:0,(anonymous_24)
FNDA:0,(anonymous_25)
FNDA:0,(anonymous_26)
DA:33,3
DA:35,3
DA:37,3
DA:41,3
DA:44,3
DA:45,3
DA:46,3
DA:47,3
DA:48,3
DA:49,3
DA:50,3
DA:51,0
DA:52,0
DA:53,0
DA:54,0
DA:56,3
DA:57,91
DA:58,91
DA:61,3
DA:62,0
DA:63,0
DA:65,3
DA:66,0
DA:68,0
DA:71,0
DA:76,0
DA:81,0
DA:89,3
DA:90,2
DA:91,2
DA:93,0
DA:98,0
DA:99,0
DA:107,3
DA:108,1
DA:109,1
DA:110,1
DA:112,1
DA:113,1
DA:114,0
DA:115,1
DA:116,1
DA:117,91
DA:118,91
DA:119,91
DA:120,91
DA:122,91
DA:123,0
DA:124,0
DA:125,0
DA:129,1
DA:130,1
DA:131,91
DA:133,1
DA:136,3
DA:137,1
DA:138,1
DA:139,1
DA:148,0
DA:152,0
DA:157,3
DA:158,0
DA:159,0
DA:161,3
DA:162,2
DA:163,1
DA:165,2
DA:166,2
DA:167,0
DA:168,0
DA:170,2
DA:171,0
DA:173,2
DA:176,3
DA:189,0
DA:208,0
DA:209,0
DA:212,0
DA:234,3
LF:79
LH:50
BRDA:51,0,0,0
BRDA:51,0,1,0
BRDA:52,1,0,0
BRDA:52,1,1,0
BRDA:53,2,0,0
BRDA:53,2,1,0
BRDA:112,3,0,1
BRDA:112,3,1,0
BRDA:112,4,0,1
BRDA:112,4,1,1
BRDA:119,5,0,91
BRDA:119,5,1,0
BRDA:122,6,0,0
BRDA:122,6,1,91
BRDA:162,7,0,1
BRDA:162,7,1,1
BRDA:196,8,0,0
BRDA:196,8,1,0
BRF:18
BRH:7
end_of_record
TN:
SF:src\scenes\home-scene.js
FN:12,Home
FN:18,(anonymous_1)
FN:19,(anonymous_2)
FN:20,(anonymous_3)
FN:29,(anonymous_4)
FN:41,(anonymous_5)
FN:48,(anonymous_6)
FN:58,(anonymous_7)
FN:67,(anonymous_8)
FNF:9
FNH:1
FNDA:1,Home
FNDA:0,(anonymous_1)
FNDA:0,(anonymous_2)
FNDA:0,(anonymous_3)
FNDA:0,(anonymous_4)
FNDA:0,(anonymous_5)
FNDA:0,(anonymous_6)
FNDA:0,(anonymous_7)
FNDA:0,(anonymous_8)
DA:13,1
DA:14,1
DA:15,1
DA:16,1
DA:18,1
DA:19,0
DA:20,0
DA:21,0
DA:30,0
DA:31,0
DA:32,0
DA:33,0
DA:34,0
DA:36,0
DA:37,0
DA:38,0
DA:42,0
DA:48,1
DA:49,0
DA:50,0
DA:51,0
DA:58,0
DA:59,0
DA:67,0
DA:68,0
DA:71,0
DA:73,1
DA:125,3
LF:28
LH:8
BRDA:30,0,0,0
BRDA:30,0,1,0
BRDA:99,1,0,0
BRDA:99,1,1,1
BRF:4
BRH:1
end_of_record
TN:
SF:src\scenes\index.js
FNF:0
FNH:0
LF:0
LH:0
BRF:0
BRH:0
end_of_record
TN:
SF:src\scenes\initial-scene.js
FN:10,InitialScene
FN:11,(anonymous_1)
FNF:2
FNH:0
FNDA:0,InitialScene
FNDA:0,(anonymous_1)
DA:8,1
DA:11,0
DA:12,0
DA:14,0
LF:4
LH:1
BRDA:17,0,0,0
BRDA:17,0,1,0
BRF:2
BRH:0
end_of_record
TN:
SF:src\scenes\login-scene.js
FN:22,LoginScene
FN:27,(anonymous_1)
FN:35,(anonymous_2)
FN:40,(anonymous_3)
FN:48,(anonymous_4)
FN:72,(anonymous_5)
FN:77,(anonymous_6)
FN:92,(anonymous_7)
FN:96,(anonymous_8)
FN:104,(anonymous_9)
FN:116,(anonymous_10)
FN:144,(anonymous_11)
FN:153,(anonymous_12)
FN:170,(anonymous_13)
FN:192,(anonymous_14)
FNF:15
FNH:1
FNDA:1,LoginScene
FNDA:0,(anonymous_1)
FNDA:0,(anonymous_2)
FNDA:0,(anonymous_3)
FNDA:0,(anonymous_4)
FNDA:0,(anonymous_5)
FNDA:0,(anonymous_6)
FNDA:0,(anonymous_7)
FNDA:0,(anonymous_8)
FNDA:0,(anonymous_9)
FNDA:0,(anonymous_10)
FNDA:0,(anonymous_11)
FNDA:0,(anonymous_12)
FNDA:0,(anonymous_13)
FNDA:0,(anonymous_14)
DA:23,1
DA:24,1
DA:26,1
DA:27,1
DA:28,0
DA:29,0
DA:30,0
DA:31,0
DA:36,0
DA:37,0
DA:38,0
DA:39,0
DA:40,0
DA:41,0
DA:49,0
DA:50,0
DA:52,0
DA:53,0
DA:56,0
DA:59,0
DA:60,0
DA:61,0
DA:63,0
DA:64,0
DA:66,0
DA:68,0
DA:72,1
DA:73,0
DA:77,1
DA:78,0
DA:79,0
DA:80,0
DA:82,0
DA:83,0
DA:84,0
DA:85,0
DA:87,0
DA:93,0
DA:94,0
DA:95,0
DA:96,0
DA:97,0
DA:105,0
DA:106,0
DA:107,0
DA:109,0
DA:110,0
DA:113,0
DA:116,1
DA:117,0
DA:118,0
DA:121,1
DA:122,1
DA:124,1
DA:144,0
DA:153,0
DA:170,0
DA:192,0
DA:226,2
LF:59
LH:11
BRDA:36,0,0,0
BRDA:36,0,1,0
BRDA:49,1,0,0
BRDA:49,1,1,0
BRDA:52,2,0,0
BRDA:52,2,1,0
BRDA:59,3,0,0
BRDA:59,3,1,0
BRDA:61,4,0,0
BRDA:61,4,1,0
BRDA:64,5,0,0
BRDA:64,5,1,0
BRDA:82,6,0,0
BRDA:82,6,1,0
BRDA:82,7,0,0
BRDA:82,7,1,0
BRDA:93,8,0,0
BRDA:93,8,1,0
BRDA:106,9,0,0
BRDA:106,9,1,0
BRDA:109,10,0,0
BRDA:109,10,1,0
BRDA:222,11,0,0
BRDA:222,11,1,1
BRF:24
BRH:1
end_of_record
TN:
SF:src\scenes\main-scene.js
FN:38,(anonymous_0)
FN:58,(anonymous_1)
FN:66,(anonymous_2)
FN:76,(anonymous_3)
FN:86,(anonymous_4)
FN:92,MainScene
FN:96,(anonymous_6)
FN:97,(anonymous_7)
FN:106,(anonymous_8)
FN:116,(anonymous_9)
FN:129,(anonymous_10)
FN:144,(anonymous_11)
FN:147,(anonymous_12)
FN:156,(anonymous_13)
FN:170,(anonymous_14)
FN:173,(anonymous_15)
FN:182,(anonymous_16)
FN:196,(anonymous_17)
FN:199,(anonymous_18)
FN:211,(anonymous_19)
FN:225,(anonymous_20)
FN:228,(anonymous_21)
FNF:22
FNH:1
FNDA:0,(anonymous_0)
FNDA:0,(anonymous_1)
FNDA:0,(anonymous_2)
FNDA:0,(anonymous_3)
FNDA:0,(anonymous_4)
FNDA:1,MainScene
FNDA:0,(anonymous_6)
FNDA:0,(anonymous_7)
FNDA:0,(anonymous_8)
FNDA:0,(anonymous_9)
FNDA:0,(anonymous_10)
FNDA:0,(anonymous_11)
FNDA:0,(anonymous_12)
FNDA:0,(anonymous_13)
FNDA:0,(anonymous_14)
FNDA:0,(anonymous_15)
FNDA:0,(anonymous_16)
FNDA:0,(anonymous_17)
FNDA:0,(anonymous_18)
FNDA:0,(anonymous_19)
FNDA:0,(anonymous_20)
FNDA:0,(anonymous_21)
DA:31,2
DA:32,2
DA:33,2
DA:34,2
DA:35,2
DA:36,2
DA:38,2
DA:39,0
DA:58,0
DA:67,0
DA:77,0
DA:86,0
DA:93,1
DA:94,1
DA:95,1
DA:96,1
DA:97,0
DA:98,0
DA:99,0
DA:100,0
DA:101,0
DA:102,0
DA:105,1
DA:107,0
DA:116,0
DA:129,2
DA:130,0
DA:145,0
DA:147,0
DA:156,2
DA:157,0
DA:171,0
DA:173,0
DA:182,2
DA:183,0
DA:197,0
DA:199,0
DA:211,2
DA:212,0
DA:226,0
DA:228,0
DA:238,2
LF:42
LH:17
BRDA:105,0,0,1
BRDA:105,0,1,0
BRDA:114,1,0,0
BRDA:114,1,1,0
BRF:4
BRH:1
end_of_record
TN:
SF:src\scenes\profile-scene.js
FN:19,Profile
FN:29,(anonymous_1)
FN:32,(anonymous_2)
FN:36,(anonymous_3)
FN:39,(anonymous_4)
FN:45,(anonymous_5)
FN:56,(anonymous_6)
FN:57,(anonymous_7)
FN:58,(anonymous_8)
FN:68,(anonymous_9)
FN:72,(anonymous_10)
FN:76,(anonymous_11)
FN:77,(anonymous_12)
FN:81,(anonymous_13)
FN:85,(anonymous_14)
FN:86,(anonymous_15)
FN:89,(anonymous_16)
FN:90,(anonymous_17)
FN:100,(anonymous_18)
FN:104,(anonymous_19)
FN:105,(anonymous_20)
FN:134,(anonymous_21)
FN:141,(anonymous_22)
FN:175,(anonymous_23)
FN:189,(anonymous_24)
FN:212,(anonymous_25)
FN:228,(anonymous_26)
FN:238,(anonymous_27)
FNF:28
FNH:1
FNDA:1,Profile
FNDA:0,(anonymous_1)
FNDA:0,(anonymous_2)
FNDA:0,(anonymous_3)
FNDA:0,(anonymous_4)
FNDA:0,(anonymous_5)
FNDA:0,(anonymous_6)
FNDA:0,(anonymous_7)
FNDA:0,(anonymous_8)
FNDA:0,(anonymous_9)
FNDA:0,(anonymous_10)
FNDA:0,(anonymous_11)
FNDA:0,(anonymous_12)
FNDA:0,(anonymous_13)
FNDA:0,(anonymous_14)
FNDA:0,(anonymous_15)
FNDA:0,(anonymous_16)
FNDA:0,(anonymous_17)
FNDA:0,(anonymous_18)
FNDA:0,(anonymous_19)
FNDA:0,(anonymous_20)
FNDA:0,(anonymous_21)
FNDA:0,(anonymous_22)
FNDA:0,(anonymous_23)
FNDA:0,(anonymous_24)
FNDA:0,(anonymous_25)
FNDA:0,(anonymous_26)
FNDA:0,(anonymous_27)
DA:20,1
DA:21,1
DA:22,1
DA:23,1
DA:24,1
DA:25,1
DA:26,1
DA:28,1
DA:29,1
DA:30,0
DA:32,1
DA:33,0
DA:34,0
DA:36,1
DA:37,0
DA:39,1
DA:40,0
DA:41,0
DA:42,0
DA:43,0
DA:44,0
DA:45,0
DA:46,0
DA:47,0
DA:50,0
DA:54,0
DA:56,1
DA:57,0
DA:58,0
DA:59,0
DA:69,0
DA:70,0
DA:71,0
DA:72,0
DA:73,0
DA:81,1
DA:82,0
DA:85,0
DA:86,0
DA:87,0
DA:89,0
DA:90,0
DA:91,0
DA:92,0
DA:101,0
DA:102,0
DA:104,0
DA:105,0
DA:109,0
DA:111,1
DA:135,0
DA:142,0
DA:175,0
DA:190,0
DA:212,0
DA:228,0
DA:238,0
DA:251,3
LF:58
LH:16
BRDA:41,0,0,0
BRDA:41,0,1,0
BRDA:46,1,0,0
BRDA:46,1,1,0
BRDA:101,2,0,0
BRDA:101,2,1,0
BRDA:113,3,0,1
BRDA:113,3,1,0
BRDA:122,4,0,0
BRDA:122,4,1,0
BRDA:131,5,0,0
BRDA:131,5,1,0
BRDA:131,6,0,0
BRDA:131,6,1,0
BRDA:149,7,0,0
BRDA:149,7,1,0
BRDA:187,8,0,0
BRDA:187,8,1,0
BRDA:188,9,0,0
BRDA:188,9,1,0
BRDA:246,10,0,0
BRDA:246,10,1,1
BRF:22
BRH:2
end_of_record
TN:
SF:src\scenes\recognized-events-scene.js
FN:25,Events
FN:42,(anonymous_1)
FN:48,(anonymous_2)
FN:50,(anonymous_3)
FN:54,(anonymous_4)
FN:56,(anonymous_5)
FN:57,(anonymous_6)
FN:58,(anonymous_7)
FN:71,(anonymous_8)
FN:76,(anonymous_9)
FN:84,(anonymous_10)
FN:96,(anonymous_11)
FN:99,(anonymous_12)
FN:106,(anonymous_13)
FN:110,(anonymous_14)
FN:114,(anonymous_15)
FN:117,(anonymous_16)
FN:121,(anonymous_17)
FN:128,(anonymous_18)
FN:135,(anonymous_19)
FN:154,(anonymous_20)
FN:157,(anonymous_21)
FN:161,(anonymous_22)
FN:171,(anonymous_23)
FN:174,(anonymous_24)
FN:178,(anonymous_25)
FN:181,(anonymous_26)
FN:191,(anonymous_27)
FN:241,(anonymous_28)
FNF:29
FNH:1
FNDA:1,Events
FNDA:0,(anonymous_1)
FNDA:0,(anonymous_2)
FNDA:0,(anonymous_3)
FNDA:0,(anonymous_4)
FNDA:0,(anonymous_5)
FNDA:0,(anonymous_6)
FNDA:0,(anonymous_7)
FNDA:0,(anonymous_8)
FNDA:0,(anonymous_9)
FNDA:0,(anonymous_10)
FNDA:0,(anonymous_11)
FNDA:0,(anonymous_12)
FNDA:0,(anonymous_13)
FNDA:0,(anonymous_14)
FNDA:0,(anonymous_15)
FNDA:0,(anonymous_16)
FNDA:0,(anonymous_17)
FNDA:0,(anonymous_18)
FNDA:0,(anonymous_19)
FNDA:0,(anonymous_20)
FNDA:0,(anonymous_21)
FNDA:0,(anonymous_22)
FNDA:0,(anonymous_23)
FNDA:0,(anonymous_24)
FNDA:0,(anonymous_25)
FNDA:0,(anonymous_26)
FNDA:0,(anonymous_27)
FNDA:0,(anonymous_28)
DA:27,1
DA:29,1
DA:30,1
DA:32,1
DA:33,1
DA:34,1
DA:35,1
DA:38,1
DA:39,1
DA:40,1
DA:42,1
DA:43,0
DA:44,0
DA:45,0
DA:48,1
DA:49,0
DA:50,0
DA:51,0
DA:54,1
DA:55,0
DA:56,0
DA:57,0
DA:58,0
DA:59,0
DA:72,0
DA:73,0
DA:76,0
DA:77,0
DA:78,0
DA:79,0
DA:85,0
DA:86,0
DA:96,1
DA:97,0
DA:99,1
DA:100,0
DA:101,0
DA:102,0
DA:103,0
DA:106,1
DA:107,0
DA:108,0
DA:110,1
DA:111,0
DA:114,1
DA:115,0
DA:116,0
DA:118,0
DA:122,0
DA:129,0
DA:136,0
DA:144,1
DA:146,1
DA:148,1
DA:154,1
DA:155,0
DA:156,0
DA:158,0
DA:162,0
DA:163,0
DA:171,1
DA:172,0
DA:173,0
DA:174,0
DA:175,0
DA:177,0
DA:179,0
DA:182,0
DA:183,0
DA:188,0
DA:190,0
DA:191,0
DA:192,0
DA:194,0
DA:197,1
DA:242,0
DA:243,0
DA:270,3
LF:78
LH:25
BRDA:72,0,0,0
BRDA:72,0,1,0
BRDA:78,1,0,0
BRDA:78,1,1,0
BRDA:100,2,0,0
BRDA:100,2,1,0
BRDA:101,3,0,0
BRDA:101,3,1,0
BRDA:102,4,0,0
BRDA:102,4,1,0
BRDA:190,5,0,0
BRDA:190,5,1,0
BRDA:192,6,0,0
BRDA:192,6,1,0
BRDA:253,7,0,1
BRDA:253,7,1,0
BRDA:265,8,0,0
BRDA:265,8,1,1
BRF:18
BRH:2
end_of_record
TN:
SF:src\scenes\register-scene.js
FN:27,RegisterScene
FN:35,(anonymous_1)
FN:42,(anonymous_2)
FN:47,(anonymous_3)
FN:63,(anonymous_4)
FN:66,(anonymous_5)
FN:74,(anonymous_6)
FN:116,(anonymous_7)
FN:141,(anonymous_8)
FN:150,(anonymous_9)
FN:164,(anonymous_10)
FN:170,(anonymous_11)
FN:184,(anonymous_12)
FN:204,(anonymous_13)
FNF:14
FNH:1
FNDA:1,RegisterScene
FNDA:0,(anonymous_1)
FNDA:0,(anonymous_2)
FNDA:0,(anonymous_3)
FNDA:0,(anonymous_4)
FNDA:0,(anonymous_5)
FNDA:0,(anonymous_6)
FNDA:0,(anonymous_7)
FNDA:0,(anonymous_8)
FNDA:0,(anonymous_9)
FNDA:0,(anonymous_10)
FNDA:0,(anonymous_11)
FNDA:0,(anonymous_12)
FNDA:0,(anonymous_13)
DA:28,1
DA:29,1
DA:30,1
DA:31,1
DA:32,1
DA:34,1
DA:35,1
DA:36,0
DA:38,1
DA:39,1
DA:40,1
DA:42,1
DA:43,0
DA:44,0
DA:47,1
DA:48,0
DA:49,0
DA:50,0
DA:51,0
DA:52,0
DA:53,0
DA:54,0
DA:55,0
DA:57,0
DA:64,0
DA:65,0
DA:66,0
DA:67,0
DA:75,0
DA:76,0
DA:78,0
DA:79,0
DA:83,0
DA:87,1
DA:117,0
DA:141,0
DA:150,0
DA:164,0
DA:170,0
DA:184,0
DA:204,0
DA:212,2
LF:42
LH:14
BRDA:51,0,0,0
BRDA:51,0,1,0
BRDA:51,1,0,0
BRDA:51,1,1,0
BRDA:51,1,2,0
BRDA:64,2,0,0
BRDA:64,2,1,0
BRDA:75,3,0,0
BRDA:75,3,1,0
BRDA:78,4,0,0
BRDA:78,4,1,0
BRDA:114,5,0,0
BRDA:114,5,1,1
BRDA:208,6,0,0
BRDA:208,6,1,1
BRF:15
BRH:2
end_of_record
TN:
SF:src\scenes\scan-scene.js
FN:13,Scan
FN:18,(anonymous_1)
FN:24,(anonymous_2)
FN:32,(anonymous_3)
FN:36,(anonymous_4)
FN:45,(anonymous_5)
FN:46,(anonymous_6)
FN:51,(anonymous_7)
FN:52,(anonymous_8)
FN:53,(anonymous_9)
FN:70,(anonymous_10)
FN:81,(anonymous_11)
FN:87,(anonymous_12)
FN:101,(anonymous_13)
FN:118,(anonymous_14)
FN:126,(anonymous_15)
FN:130,(anonymous_16)
FN:173,(anonymous_17)
FNF:18
FNH:1
FNDA:1,Scan
FNDA:0,(anonymous_1)
FNDA:0,(anonymous_2)
FNDA:0,(anonymous_3)
FNDA:0,(anonymous_4)
FNDA:0,(anonymous_5)
FNDA:0,(anonymous_6)
FNDA:0,(anonymous_7)
FNDA:0,(anonymous_8)
FNDA:0,(anonymous_9)
FNDA:0,(anonymous_10)
FNDA:0,(anonymous_11)
FNDA:0,(anonymous_12)
FNDA:0,(anonymous_13)
FNDA:0,(anonymous_14)
FNDA:0,(anonymous_15)
FNDA:0,(anonymous_16)
FNDA:0,(anonymous_17)
DA:14,1
DA:15,1
DA:16,1
DA:17,1
DA:18,1
DA:19,0
DA:20,0
DA:21,0
DA:22,0
DA:24,1
DA:25,0
DA:26,0
DA:33,0
DA:34,0
DA:37,0
DA:38,0
DA:39,0
DA:45,1
DA:46,0
DA:47,0
DA:49,0
DA:51,1
DA:52,0
DA:53,0
DA:54,0
DA:55,0
DA:71,0
DA:82,0
DA:88,0
DA:89,0
DA:90,0
DA:91,0
DA:93,0
DA:94,0
DA:96,0
DA:102,0
DA:103,0
DA:104,0
DA:105,0
DA:107,0
DA:108,0
DA:110,0
DA:118,1
DA:119,0
DA:120,0
DA:127,0
DA:128,0
DA:131,0
DA:132,0
DA:133,0
DA:140,1
DA:174,0
DA:236,3
LF:53
LH:11
BRDA:37,0,0,0
BRDA:37,0,1,0
BRDA:90,1,0,0
BRDA:90,1,1,0
BRDA:93,2,0,0
BRDA:93,2,1,0
BRDA:104,3,0,0
BRDA:104,3,1,0
BRDA:107,4,0,0
BRDA:107,4,1,0
BRDA:131,5,0,0
BRDA:131,5,1,0
BRDA:142,6,0,0
BRDA:142,6,1,1
BRDA:147,7,0,0
BRDA:147,7,1,1
BRDA:158,8,0,0
BRDA:158,8,1,1
BRF:18
BRH:3
end_of_record
TN:
SF:src\scenes\service-scene.js
FN:23,Service
FN:33,(anonymous_1)
FN:40,(anonymous_2)
FN:44,(anonymous_3)
FN:45,(anonymous_4)
FN:46,(anonymous_5)
FN:55,(anonymous_6)
FN:58,(anonymous_7)
FN:59,(anonymous_8)
FN:64,(anonymous_9)
FN:67,(anonymous_10)
FN:71,(anonymous_11)
FN:78,(anonymous_12)
FN:85,(anonymous_13)
FN:104,(anonymous_14)
FN:107,(anonymous_15)
FN:111,(anonymous_16)
FN:121,(anonymous_17)
FN:123,(anonymous_18)
FN:127,(anonymous_19)
FN:130,(anonymous_20)
FN:139,(anonymous_21)
FNF:22
FNH:1
FNDA:1,Service
FNDA:0,(anonymous_1)
FNDA:0,(anonymous_2)
FNDA:0,(anonymous_3)
FNDA:0,(anonymous_4)
FNDA:0,(anonymous_5)
FNDA:0,(anonymous_6)
FNDA:0,(anonymous_7)
FNDA:0,(anonymous_8)
FNDA:0,(anonymous_9)
FNDA:0,(anonymous_10)
FNDA:0,(anonymous_11)
FNDA:0,(anonymous_12)
FNDA:0,(anonymous_13)
FNDA:0,(anonymous_14)
FNDA:0,(anonymous_15)
FNDA:0,(anonymous_16)
FNDA:0,(anonymous_17)
FNDA:0,(anonymous_18)
FNDA:0,(anonymous_19)
FNDA:0,(anonymous_20)
FNDA:0,(anonymous_21)
DA:25,1
DA:26,1
DA:27,1
DA:28,1
DA:29,1
DA:30,1
DA:31,1
DA:33,1
DA:34,0
DA:35,0
DA:36,0
DA:37,0
DA:40,1
DA:41,0
DA:42,0
DA:44,1
DA:45,0
DA:46,0
DA:47,0
DA:56,0
DA:59,0
DA:64,1
DA:65,0
DA:66,0
DA:68,0
DA:72,0
DA:79,0
DA:86,0
DA:94,1
DA:96,1
DA:98,1
DA:104,1
DA:105,0
DA:106,0
DA:108,0
DA:112,0
DA:113,0
DA:121,1
DA:122,0
DA:123,0
DA:124,0
DA:126,0
DA:128,0
DA:131,0
DA:132,0
DA:137,0
DA:139,0
DA:140,0
DA:141,0
DA:144,0
DA:146,1
DA:182,3
LF:52
LH:18
BRDA:34,0,0,0
BRDA:34,0,1,0
BRDA:35,1,0,0
BRDA:35,1,1,0
BRDA:36,2,0,0
BRDA:36,2,1,0
BRDA:141,3,0,0
BRDA:141,3,1,0
BRF:8
BRH:0
end_of_record
TN:
SF:src\scenes\set-password-scene.js
FN:20,SetPassword
FN:30,(anonymous_1)
FN:48,(anonymous_2)
FN:49,(anonymous_3)
FN:62,(anonymous_4)
FN:66,(anonymous_5)
FN:72,(anonymous_6)
FN:88,(anonymous_7)
FN:90,(anonymous_8)
FN:94,(anonymous_9)
FN:97,(anonymous_10)
FN:105,(anonymous_11)
FN:132,(anonymous_12)
FN:138,(anonymous_13)
FN:148,(anonymous_14)
FN:154,(anonymous_15)
FN:163,(anonymous_16)
FN:190,(anonymous_17)
FNF:18
FNH:1
FNDA:1,SetPassword
FNDA:0,(anonymous_1)
FNDA:0,(anonymous_2)
FNDA:0,(anonymous_3)
FNDA:0,(anonymous_4)
FNDA:0,(anonymous_5)
FNDA:0,(anonymous_6)
FNDA:0,(anonymous_7)
FNDA:0,(anonymous_8)
FNDA:0,(anonymous_9)
FNDA:0,(anonymous_10)
FNDA:0,(anonymous_11)
FNDA:0,(anonymous_12)
FNDA:0,(anonymous_13)
FNDA:0,(anonymous_14)
FNDA:0,(anonymous_15)
FNDA:0,(anonymous_16)
FNDA:0,(anonymous_17)
DA:21,1
DA:22,1
DA:23,1
DA:24,1
DA:26,1
DA:27,1
DA:28,1
DA:29,1
DA:30,1
DA:31,0
DA:32,0
DA:33,0
DA:34,0
DA:35,0
DA:36,0
DA:37,0
DA:38,0
DA:39,0
DA:42,0
DA:43,0
DA:44,0
DA:45,0
DA:48,0
DA:49,0
DA:50,0
DA:63,0
DA:64,0
DA:65,0
DA:66,0
DA:67,0
DA:68,0
DA:73,0
DA:74,0
DA:76,0
DA:77,0
DA:83,0
DA:88,1
DA:89,0
DA:90,0
DA:91,0
DA:93,0
DA:95,0
DA:98,0
DA:99,0
DA:104,0
DA:105,0
DA:106,0
DA:108,0
DA:111,1
DA:132,0
DA:138,0
DA:148,0
DA:154,0
DA:163,0
DA:191,0
DA:192,0
DA:201,3
LF:57
LH:12
BRDA:34,0,0,0
BRDA:34,0,1,0
BRDA:35,1,0,0
BRDA:35,1,1,0
BRDA:35,2,0,0
BRDA:35,2,1,0
BRDA:35,2,2,0
BRDA:42,3,0,0
BRDA:42,3,1,0
BRDA:42,4,0,0
BRDA:42,4,1,0
BRDA:63,5,0,0
BRDA:63,5,1,0
BRDA:73,6,0,0
BRDA:73,6,1,0
BRDA:76,7,0,0
BRDA:76,7,1,0
BRDA:104,8,0,0
BRDA:104,8,1,0
BRDA:106,9,0,0
BRDA:106,9,1,0
BRDA:114,10,0,0
BRDA:114,10,1,1
BRDA:124,11,0,0
BRDA:124,11,1,1
BRDA:197,12,0,0
BRDA:197,12,1,1
BRF:27
BRH:3
end_of_record
TN:
SF:src\scenes\start-scene.js
FN:8,StartScene
FN:26,(anonymous_1)
FN:37,(anonymous_2)
FNF:3
FNH:1
FNDA:1,StartScene
FNDA:0,(anonymous_1)
FNDA:0,(anonymous_2)
DA:9,1
DA:26,0
DA:37,0
LF:3
LH:1
BRF:0
BRH:0
end_of_record
TN:
SF:src\themes\theme.js
FNF:0
FNH:0
DA:1,18
LF:1
LH:1
BRF:0
BRH:0
end_of_record
